Using pre-set license
Built from '2022.3/staging' branch; Version is '2022.3.50f1 (c3db7f8bf9b1) revision 12835711'; Using compiler version '192829333'; Build Type 'Release'
OS: 'Windows 10  (10.0.19045) 64bit Core' Language: 'de' Physical Memory: 32720 MB
BatchMode: 1, IsHumanControllingUs: 0, StartBugReporterOnCrash: 0, Is64bit: 1, IsPro: 1

COMMAND LINE ARGUMENTS:
C:\Program Files\Unity\Hub\Editor\2022.3.50f1\Editor\Unity.exe
-adb2
-batchMode
-noUpm
-name
AssetImportWorker1
-projectPath
C:/Users/Kai/Desktop/github/Ubicomp-Assignment02-KaiSchultz/unity
-logFile
Logs/AssetImportWorker1.log
-srvPort
51256
Successfully changed project path to: C:/Users/Kai/Desktop/github/Ubicomp-Assignment02-KaiSchultz/unity
C:/Users/Kai/Desktop/github/Ubicomp-Assignment02-KaiSchultz/unity
[UnityMemory] Configuration Parameters - Can be set up in boot.config
    "memorysetup-bucket-allocator-granularity=16"
    "memorysetup-bucket-allocator-bucket-count=8"
    "memorysetup-bucket-allocator-block-size=33554432"
    "memorysetup-bucket-allocator-block-count=8"
    "memorysetup-main-allocator-block-size=16777216"
    "memorysetup-thread-allocator-block-size=16777216"
    "memorysetup-gfx-main-allocator-block-size=16777216"
    "memorysetup-gfx-thread-allocator-block-size=16777216"
    "memorysetup-cache-allocator-block-size=4194304"
    "memorysetup-typetree-allocator-block-size=2097152"
    "memorysetup-profiler-bucket-allocator-granularity=16"
    "memorysetup-profiler-bucket-allocator-bucket-count=8"
    "memorysetup-profiler-bucket-allocator-block-size=33554432"
    "memorysetup-profiler-bucket-allocator-block-count=8"
    "memorysetup-profiler-allocator-block-size=16777216"
    "memorysetup-profiler-editor-allocator-block-size=1048576"
    "memorysetup-temp-allocator-size-main=16777216"
    "memorysetup-job-temp-allocator-block-size=2097152"
    "memorysetup-job-temp-allocator-block-size-background=1048576"
    "memorysetup-job-temp-allocator-reduction-small-platforms=262144"
    "memorysetup-allocator-temp-initial-block-size-main=262144"
    "memorysetup-allocator-temp-initial-block-size-worker=262144"
    "memorysetup-temp-allocator-size-background-worker=32768"
    "memorysetup-temp-allocator-size-job-worker=262144"
    "memorysetup-temp-allocator-size-preload-manager=33554432"
    "memorysetup-temp-allocator-size-nav-mesh-worker=65536"
    "memorysetup-temp-allocator-size-audio-worker=65536"
    "memorysetup-temp-allocator-size-cloud-worker=32768"
    "memorysetup-temp-allocator-size-gi-baking-worker=262144"
    "memorysetup-temp-allocator-size-gfx=262144"
Player connection [12792]  Target information:

Player connection [12792]  * "[IP] 192.168.1.4 [Port] 0 [Flags] 2 [Guid] 2031130111 [EditorId] 2031130111 [Version] 1048832 [Id] WindowsEditor(7,F107379-46) [Debug] 1 [PackageName] WindowsEditor [ProjectName] Editor" 

Player connection [12792] Host joined multi-casting on [225.0.0.222:54997]...
Player connection [12792] Host joined alternative multi-casting on [225.0.0.222:34997]...
[PhysX] Initialized MultithreadedTaskDispatcher with 8 workers.
Refreshing native plugins compatible for Editor in 31.83 ms, found 16 plugins.
Preloading 0 native plugins for Editor in 0.00 ms.
Initialize engine version: 2022.3.50f1 (c3db7f8bf9b1)
[Subsystems] Discovering subsystems at path C:/Program Files/Unity/Hub/Editor/2022.3.50f1/Editor/Data/Resources/UnitySubsystems
[Subsystems] Discovering subsystems at path C:/Users/Kai/Desktop/github/Ubicomp-Assignment02-KaiSchultz/unity/Assets
GfxDevice: creating device client; threaded=0; jobified=0
Direct3D:
    Version:  Direct3D 11.0 [level 11.1]
    Renderer: NVIDIA GeForce GTX 1080 (ID=0x1b80)
    Vendor:   NVIDIA
    VRAM:     8059 MB
    Driver:   32.0.15.6590
Initialize mono
Mono path[0] = 'C:/Program Files/Unity/Hub/Editor/2022.3.50f1/Editor/Data/Managed'
Mono path[1] = 'C:/Program Files/Unity/Hub/Editor/2022.3.50f1/Editor/Data/MonoBleedingEdge/lib/mono/unityjit-win32'
Mono config path = 'C:/Program Files/Unity/Hub/Editor/2022.3.50f1/Editor/Data/MonoBleedingEdge/etc'
Using monoOptions --debugger-agent=transport=dt_socket,embedding=1,server=y,suspend=n,address=127.0.0.1:56196
Begin MonoManager ReloadAssembly
Registering precompiled unity dll's ...
Register platform support module: C:/Program Files/Unity/Hub/Editor/2022.3.50f1/Editor/Data/PlaybackEngines/WindowsStandaloneSupport/UnityEditor.WindowsStandalone.Extensions.dll
Register platform support module: C:/Program Files/Unity/Hub/Editor/2022.3.50f1/Editor/Data/PlaybackEngines/MetroSupport/UnityEditor.UWP.Extensions.dll
Registered in 0.013484 seconds.
- Loaded All Assemblies, in  0.402 seconds
Native extension for UWP target not found
Native extension for WindowsStandalone target not found
Mono: successfully reloaded assembly
- Finished resetting the current domain, in  0.301 seconds
Domain Reload Profiling: 701ms
	BeginReloadAssembly (119ms)
		ExecutionOrderSort (0ms)
		DisableScriptedObjects (0ms)
		BackupInstance (0ms)
		ReleaseScriptingObjects (0ms)
		CreateAndSetChildDomain (1ms)
	RebuildCommonClasses (40ms)
	RebuildNativeTypeToScriptingClass (11ms)
	initialDomainReloadingComplete (68ms)
	LoadAllAssembliesAndSetupDomain (162ms)
		LoadAssemblies (116ms)
		RebuildTransferFunctionScriptingTraits (0ms)
		AnalyzeDomain (159ms)
			TypeCache.Refresh (158ms)
				TypeCache.ScanAssembly (142ms)
			ScanForSourceGeneratedMonoScriptInfo (0ms)
			ResolveRequiredComponents (0ms)
	FinalizeReload (302ms)
		ReleaseScriptCaches (0ms)
		RebuildScriptCaches (0ms)
		SetupLoadedEditorAssemblies (250ms)
			LogAssemblyErrors (0ms)
			InitializePlatformSupportModulesInManaged (13ms)
			SetLoadedEditorAssemblies (5ms)
			RefreshPlugins (0ms)
			BeforeProcessingInitializeOnLoad (3ms)
			ProcessInitializeOnLoadAttributes (172ms)
			ProcessInitializeOnLoadMethodAttributes (58ms)
			AfterProcessingInitializeOnLoad (0ms)
			EditorAssembliesLoaded (0ms)
		ExecutionOrderSort2 (0ms)
		AwakeInstancesAfterBackupRestoration (0ms)
========================================================================
Worker process is ready to serve import requests
Caller must complete domain reload
Begin MonoManager ReloadAssembly
- Loaded All Assemblies, in  0.859 seconds
Native extension for UWP target not found
Native extension for WindowsStandalone target not found
Package Manager log level set to [2]
[Package Manager] Server::EnsureServerProcessIsRunning -- launch failed, reason: Unity was launched with the -noUpm command-line argument
[Package Manager] UpmClient::Send -- Unable to send message (not connected to UPM process).
[Package Manager] Cannot connect to Unity Package Manager local server
[Package Manager] Server::EnsureServerProcessIsRunning -- launch failed, reason: Unity was launched with the -noUpm command-line argument
[Package Manager] UpmClient::Send -- Unable to send message (not connected to UPM process).
[Package Manager] Cannot connect to Unity Package Manager local server
Mono: successfully reloaded assembly
[Package Manager] Server::EnsureServerProcessIsRunning -- launch failed, reason: Unity was launched with the -noUpm command-line argument
[Package Manager] UpmClient::Send -- Unable to send message (not connected to UPM process).
[Package Manager] Cannot connect to Unity Package Manager local server
[Package Manager] Server::EnsureServerProcessIsRunning -- launch failed, reason: Unity was launched with the -noUpm command-line argument
[Package Manager] UpmClient::Send -- Unable to send message (not connected to UPM process).
[Package Manager] Cannot connect to Unity Package Manager local server
- Finished resetting the current domain, in  0.934 seconds
Domain Reload Profiling: 1785ms
	BeginReloadAssembly (181ms)
		ExecutionOrderSort (0ms)
		DisableScriptedObjects (6ms)
		BackupInstance (0ms)
		ReleaseScriptingObjects (0ms)
		CreateAndSetChildDomain (26ms)
	RebuildCommonClasses (41ms)
	RebuildNativeTypeToScriptingClass (12ms)
	initialDomainReloadingComplete (52ms)
	LoadAllAssembliesAndSetupDomain (566ms)
		LoadAssemblies (374ms)
		RebuildTransferFunctionScriptingTraits (0ms)
		AnalyzeDomain (285ms)
			TypeCache.Refresh (238ms)
				TypeCache.ScanAssembly (216ms)
			ScanForSourceGeneratedMonoScriptInfo (31ms)
			ResolveRequiredComponents (14ms)
	FinalizeReload (934ms)
		ReleaseScriptCaches (0ms)
		RebuildScriptCaches (0ms)
		SetupLoadedEditorAssemblies (724ms)
			LogAssemblyErrors (0ms)
			InitializePlatformSupportModulesInManaged (9ms)
			SetLoadedEditorAssemblies (6ms)
			RefreshPlugins (0ms)
			BeforeProcessingInitializeOnLoad (108ms)
			ProcessInitializeOnLoadAttributes (494ms)
			ProcessInitializeOnLoadMethodAttributes (97ms)
			AfterProcessingInitializeOnLoad (9ms)
			EditorAssembliesLoaded (0ms)
		ExecutionOrderSort2 (0ms)
		AwakeInstancesAfterBackupRestoration (10ms)
Launched and connected shader compiler UnityShaderCompiler.exe after 0.06 seconds
Refreshing native plugins compatible for Editor in 19.13 ms, found 16 plugins.
Preloading 0 native plugins for Editor in 0.00 ms.
Unloading 5514 Unused Serialized files (Serialized files now loaded: 0)
Unloading 101 unused Assets / (1.3 MB). Loaded Objects now: 5959.
Memory consumption went from 186.1 MB to 184.8 MB.
Total: 5.949000 ms (FindLiveObjects: 0.454000 ms CreateObjectMapping: 0.542900 ms MarkObjects: 4.011000 ms  DeleteObjects: 0.940100 ms)

AssetImportParameters requested are different than current active one (requested -> active):
  custom:container-demuxer-ogg: 62fdf1f143b41e24485cea50d1cbac27 -> 
  custom:video-decoder-ogg-theora: a1e56fd34408186e4bbccfd4996cb3dc -> 
  custom:framework-win-MediaFoundation: 216162199b28c13a410421893ffa2e32 -> 
  custom:CustomObjectIndexerAttribute: 9a22284fe3817be447336de3de66b15e -> 
  custom:container-demuxer-webm: 4f35f7cbe854078d1ac9338744f61a02 -> 
  custom:container-muxer-webm: aa71ff27fc2769a1b78a27578f13a17b -> 
  custom:video-decoder-webm-vp8: 9c59270c3fd7afecdb556c50c9e8de78 -> 
  custom:SearchIndexIgnoredProperties: e643bd26f0fe6173181afceb89e7c659 -> 
  custom:AudioImporter_EditorPlatform: d09bf68614088b80899f8185d706f6e7 -> 
  custom:video-encoder-webm-vp8: eb34c28f22e8b96e1ab97ce403110664 -> 
  custom:audio-decoder-ogg-vorbis: bf7c407c2cedff20999df2af8eb42d56 -> 
  custom:audio-encoder-webm-vorbis: bf7c407c2cedff20999df2af8eb42d56 -> 
========================================================================
Received Prepare
Caller must complete domain reload
Begin MonoManager ReloadAssembly
- Loaded All Assemblies, in  0.602 seconds
Native extension for UWP target not found
Native extension for WindowsStandalone target not found
[Package Manager] Server::EnsureServerProcessIsRunning -- launch failed, reason: Unity was launched with the -noUpm command-line argument
[Package Manager] UpmClient::Send -- Unable to send message (not connected to UPM process).
[Package Manager] Cannot connect to Unity Package Manager local server
[Package Manager] Server::EnsureServerProcessIsRunning -- launch failed, reason: Unity was launched with the -noUpm command-line argument
[Package Manager] UpmClient::Send -- Unable to send message (not connected to UPM process).
[Package Manager] Cannot connect to Unity Package Manager local server
Mono: successfully reloaded assembly
[Package Manager] Server::EnsureServerProcessIsRunning -- launch failed, reason: Unity was launched with the -noUpm command-line argument
[Package Manager] UpmClient::Send -- Unable to send message (not connected to UPM process).
[Package Manager] Cannot connect to Unity Package Manager local server
- Finished resetting the current domain, in  1.318 seconds
Domain Reload Profiling: 1914ms
	BeginReloadAssembly (181ms)
		ExecutionOrderSort (0ms)
		DisableScriptedObjects (4ms)
		BackupInstance (0ms)
		ReleaseScriptingObjects (0ms)
		CreateAndSetChildDomain (47ms)
	RebuildCommonClasses (40ms)
	RebuildNativeTypeToScriptingClass (15ms)
	initialDomainReloadingComplete (30ms)
	LoadAllAssembliesAndSetupDomain (331ms)
		LoadAssemblies (369ms)
		RebuildTransferFunctionScriptingTraits (0ms)
		AnalyzeDomain (52ms)
			TypeCache.Refresh (11ms)
				TypeCache.ScanAssembly (1ms)
			ScanForSourceGeneratedMonoScriptInfo (27ms)
			ResolveRequiredComponents (13ms)
	FinalizeReload (1318ms)
		ReleaseScriptCaches (0ms)
		RebuildScriptCaches (0ms)
		SetupLoadedEditorAssemblies (713ms)
			LogAssemblyErrors (0ms)
			InitializePlatformSupportModulesInManaged (11ms)
			SetLoadedEditorAssemblies (5ms)
			RefreshPlugins (0ms)
			BeforeProcessingInitializeOnLoad (102ms)
			ProcessInitializeOnLoadAttributes (514ms)
			ProcessInitializeOnLoadMethodAttributes (72ms)
			AfterProcessingInitializeOnLoad (9ms)
			EditorAssembliesLoaded (0ms)
		ExecutionOrderSort2 (0ms)
		AwakeInstancesAfterBackupRestoration (12ms)
Refreshing native plugins compatible for Editor in 20.86 ms, found 16 plugins.
Preloading 0 native plugins for Editor in 0.00 ms.
Unloading 5497 Unused Serialized files (Serialized files now loaded: 0)
Unloading 94 unused Assets / (1.3 MB). Loaded Objects now: 5987.
Memory consumption went from 178.3 MB to 177.0 MB.
Total: 4.516400 ms (FindLiveObjects: 0.428700 ms CreateObjectMapping: 0.520300 ms MarkObjects: 2.893500 ms  DeleteObjects: 0.672600 ms)

Prepare: number of updated asset objects reloaded= 52
AssetImportParameters requested are different than current active one (requested -> active):
  custom:scripting/monoscript/fileName/IFileHandler.cs: 140bad73cbf6c1cd207a361b8c050f23 -> 
  custom:container-demuxer-ogg: 62fdf1f143b41e24485cea50d1cbac27 -> 
  custom:scripting/monoscript/fileName/HTTPServer.cs: 5f81df2f5011e885df6e7a438042c977 -> 
  custom:scripting/monoscript/fileName/Success.cs: d1a4dfd53f5d2f2a7fba724f4cec8175 -> 
  custom:video-decoder-ogg-theora: a1e56fd34408186e4bbccfd4996cb3dc -> 
  custom:framework-win-MediaFoundation: 216162199b28c13a410421893ffa2e32 -> 
  custom:scripting/monoscript/fileName/Status.cs: 2f313e3eb3f76aa16b2693727cbe8e77 -> 
  custom:scripting/monoscript/fileName/GazeAPIData.cs: 220b782086da96206bd24be7d7711126 -> 
  custom:scripting/monoscript/fileName/Participant.cs: c6356ccff281a362fd2bfc3078a0d505 -> 
  custom:CustomObjectIndexerAttribute: 9a22284fe3817be447336de3de66b15e -> 
  custom:container-demuxer-webm: 4f35f7cbe854078d1ac9338744f61a02 -> 
  custom:scripting/monoscript/fileName/FileHandler.cs: 7c3c97cfc78b737cc5ff9b6f7fd1efa9 -> 
  custom:container-muxer-webm: aa71ff27fc2769a1b78a27578f13a17b -> 
  custom:scripting/monoscript/fileName/IDataAccess.cs: 5faa88dae1e33454e92d81e79128d19e -> 
  custom:video-decoder-webm-vp8: 9c59270c3fd7afecdb556c50c9e8de78 -> 
  custom:SearchIndexIgnoredProperties: e643bd26f0fe6173181afceb89e7c659 -> 
  custom:AudioImporter_EditorPlatform: d09bf68614088b80899f8185d706f6e7 -> 
  custom:scripting/monoscript/fileName/WebServer.cs: 01a0108b1b831e9b5e8e635372a80bbd -> 
  custom:scripting/monoscript/fileName/RecordingInfo.cs: c91237ed757f305578f13d5ad3567f29 -> 
  custom:scripting/monoscript/fileName/DataAccessUWP.cs: 26accc2da1bce451c0237a8a3781f8b7 -> 
  custom:scripting/monoscript/fileName/DataAccessEditor.cs: 8941e34c93e25f7e180288098832eaf8 -> 
  custom:scripting/monoscript/fileName/DataProvider.cs: f71e0fa542cf0c500db7c0d6fc11f9c1 -> 
  custom:scripting/monoscript/fileName/Recording.cs: 35b65cc66c41da89541ed5c49118b013 -> 
  custom:video-encoder-webm-vp8: eb34c28f22e8b96e1ab97ce403110664 -> 
  custom:scripting/monoscript/fileName/DocumentsFolderCapabilityPostBuildProcessor.cs: 446adbf637eee3f475db73c46316637b -> 
  custom:audio-decoder-ogg-vorbis: bf7c407c2cedff20999df2af8eb42d56 -> 
  custom:scripting/monoscript/fileName/AccuracyGrid.cs: 5843ffe7e084e2065b8341b72c911b84 -> 
  custom:scripting/monoscript/fileName/Configuration.cs: 509089085ca7d6f1a6098a39ec4d8d17 -> e1f88d5c26e809ccbf42081e8154788a
  custom:scripting/monoscript/fileName/GazeData.cs: 031e5d0fe0aacbc20dce69bb6e7e5f08 -> 
  custom:scripting/monoscript/fileName/DataLogger.cs: f7551458459301cfd1b2fa5e7154b24b -> 
  custom:scripting/monoscript/fileName/PositionInfo.cs: f930aa4565d2c6f457a3df0885d42b12 -> 
  custom:scripting/monoscript/fileName/WebcamCamera.cs: f4c504cf8c1128b2c2e03b767d73dc63 -> 
  custom:audio-encoder-webm-vorbis: bf7c407c2cedff20999df2af8eb42d56 -> 
  custom:scripting/precompiled-assembly-types:Assembly-CSharp-Editor: 9b41543c173063578afaeb645618e946 -> 
  custom:scripting/precompiled-assembly-types:Assembly-CSharp: cb9d65d4e274110f9d77af33a6bd6af8 -> 
  custom:scripting/monoscript/fileName/ConfigurationEditor.cs: 7c12f3c269dc9a466156445ae82d19fa -> 
========================================================================
Received Import Request.
  Time since last request: 1785.462597 seconds.
  path: Assets/ARETT-MRTK3compatible/Prefabs/EyeTracking.prefab
  artifactKey: Guid(4cdf6dffd67e8434884b2c8fe85da3a5) Importer(815301076,1909f56bfc062723c751e8b465ee728b)
Start importing Assets/ARETT-MRTK3compatible/Prefabs/EyeTracking.prefab using Guid(4cdf6dffd67e8434884b2c8fe85da3a5) Importer(815301076,1909f56bfc062723c751e8b465ee728b) [PhysX] Initialized MultithreadedTaskDispatcher with 8 workers.
 -> (artifact id: '5a4bf792aaa41f412898dfb35d86c04c') in 0.002615 seconds
Number of updated asset objects reloaded before import = 52
Number of asset objects unloaded after import = 0
========================================================================
Received Prepare
Caller must complete domain reload
Begin MonoManager ReloadAssembly
- Loaded All Assemblies, in  0.485 seconds
Native extension for UWP target not found
Native extension for WindowsStandalone target not found
[Package Manager] Server::EnsureServerProcessIsRunning -- launch failed, reason: Unity was launched with the -noUpm command-line argument
[Package Manager] UpmClient::Send -- Unable to send message (not connected to UPM process).
[Package Manager] Cannot connect to Unity Package Manager local server
[Package Manager] Server::EnsureServerProcessIsRunning -- launch failed, reason: Unity was launched with the -noUpm command-line argument
[Package Manager] UpmClient::Send -- Unable to send message (not connected to UPM process).
[Package Manager] Cannot connect to Unity Package Manager local server
Mono: successfully reloaded assembly
[Package Manager] Server::EnsureServerProcessIsRunning -- launch failed, reason: Unity was launched with the -noUpm command-line argument
[Package Manager] UpmClient::Send -- Unable to send message (not connected to UPM process).
[Package Manager] Cannot connect to Unity Package Manager local server
- Finished resetting the current domain, in  1.321 seconds
Domain Reload Profiling: 1800ms
	BeginReloadAssembly (149ms)
		ExecutionOrderSort (0ms)
		DisableScriptedObjects (4ms)
		BackupInstance (0ms)
		ReleaseScriptingObjects (0ms)
		CreateAndSetChildDomain (32ms)
	RebuildCommonClasses (36ms)
	RebuildNativeTypeToScriptingClass (10ms)
	initialDomainReloadingComplete (28ms)
	LoadAllAssembliesAndSetupDomain (256ms)
		LoadAssemblies (305ms)
		RebuildTransferFunctionScriptingTraits (0ms)
		AnalyzeDomain (27ms)
			TypeCache.Refresh (7ms)
				TypeCache.ScanAssembly (0ms)
			ScanForSourceGeneratedMonoScriptInfo (0ms)
			ResolveRequiredComponents (18ms)
	FinalizeReload (1321ms)
		ReleaseScriptCaches (0ms)
		RebuildScriptCaches (0ms)
		SetupLoadedEditorAssemblies (713ms)
			LogAssemblyErrors (0ms)
			InitializePlatformSupportModulesInManaged (11ms)
			SetLoadedEditorAssemblies (5ms)
			RefreshPlugins (0ms)
			BeforeProcessingInitializeOnLoad (108ms)
			ProcessInitializeOnLoadAttributes (496ms)
			ProcessInitializeOnLoadMethodAttributes (83ms)
			AfterProcessingInitializeOnLoad (9ms)
			EditorAssembliesLoaded (0ms)
		ExecutionOrderSort2 (0ms)
		AwakeInstancesAfterBackupRestoration (13ms)
Refreshing native plugins compatible for Editor in 19.56 ms, found 16 plugins.
Preloading 0 native plugins for Editor in 0.00 ms.
Unloading 5496 Unused Serialized files (Serialized files now loaded: 0)
Unloading 94 unused Assets / (1.3 MB). Loaded Objects now: 5991.
Memory consumption went from 178.1 MB to 176.8 MB.
Total: 6.462400 ms (FindLiveObjects: 0.444000 ms CreateObjectMapping: 0.553300 ms MarkObjects: 4.002600 ms  DeleteObjects: 1.461100 ms)

Prepare: number of updated asset objects reloaded= 55
AssetImportParameters requested are different than current active one (requested -> active):
  custom:scripting/monoscript/fileName/IFileHandler.cs: 140bad73cbf6c1cd207a361b8c050f23 -> 
  custom:container-demuxer-ogg: 62fdf1f143b41e24485cea50d1cbac27 -> 
  custom:scripting/monoscript/fileName/HTTPServer.cs: 5f81df2f5011e885df6e7a438042c977 -> 
  custom:scripting/monoscript/fileName/Success.cs: d1a4dfd53f5d2f2a7fba724f4cec8175 -> 
  custom:video-decoder-ogg-theora: a1e56fd34408186e4bbccfd4996cb3dc -> 
  custom:framework-win-MediaFoundation: 216162199b28c13a410421893ffa2e32 -> 
  custom:scripting/monoscript/fileName/Status.cs: 2f313e3eb3f76aa16b2693727cbe8e77 -> 
  custom:scripting/monoscript/fileName/GazeAPIData.cs: 220b782086da96206bd24be7d7711126 -> 
  custom:scripting/monoscript/fileName/Participant.cs: c6356ccff281a362fd2bfc3078a0d505 -> 
  custom:CustomObjectIndexerAttribute: 9a22284fe3817be447336de3de66b15e -> 
  custom:container-demuxer-webm: 4f35f7cbe854078d1ac9338744f61a02 -> 
  custom:scripting/monoscript/fileName/FileHandler.cs: 7c3c97cfc78b737cc5ff9b6f7fd1efa9 -> 
  custom:container-muxer-webm: aa71ff27fc2769a1b78a27578f13a17b -> 
  custom:scripting/monoscript/fileName/IDataAccess.cs: 5faa88dae1e33454e92d81e79128d19e -> 
  custom:video-decoder-webm-vp8: 9c59270c3fd7afecdb556c50c9e8de78 -> 
  custom:SearchIndexIgnoredProperties: e643bd26f0fe6173181afceb89e7c659 -> 
  custom:AudioImporter_EditorPlatform: d09bf68614088b80899f8185d706f6e7 -> 
  custom:scripting/monoscript/fileName/WebServer.cs: 01a0108b1b831e9b5e8e635372a80bbd -> 
  custom:scripting/monoscript/fileName/RecordingInfo.cs: c91237ed757f305578f13d5ad3567f29 -> 
  custom:scripting/monoscript/fileName/DataAccessUWP.cs: 26accc2da1bce451c0237a8a3781f8b7 -> 
  custom:scripting/monoscript/fileName/DataAccessEditor.cs: 8941e34c93e25f7e180288098832eaf8 -> 
  custom:scripting/monoscript/fileName/DataProvider.cs: f71e0fa542cf0c500db7c0d6fc11f9c1 -> 
  custom:scripting/monoscript/fileName/Recording.cs: 35b65cc66c41da89541ed5c49118b013 -> 
  custom:video-encoder-webm-vp8: eb34c28f22e8b96e1ab97ce403110664 -> 
  custom:scripting/monoscript/fileName/DocumentsFolderCapabilityPostBuildProcessor.cs: 446adbf637eee3f475db73c46316637b -> 
  custom:audio-decoder-ogg-vorbis: bf7c407c2cedff20999df2af8eb42d56 -> 
  custom:scripting/monoscript/fileName/AccuracyGrid.cs: 5843ffe7e084e2065b8341b72c911b84 -> 
  custom:scripting/monoscript/fileName/Configuration.cs: 509089085ca7d6f1a6098a39ec4d8d17 -> e1f88d5c26e809ccbf42081e8154788a
  custom:scripting/monoscript/fileName/GazeData.cs: 031e5d0fe0aacbc20dce69bb6e7e5f08 -> 
  custom:scripting/monoscript/fileName/DataLogger.cs: f7551458459301cfd1b2fa5e7154b24b -> 
  custom:scripting/monoscript/fileName/PositionInfo.cs: f930aa4565d2c6f457a3df0885d42b12 -> 
  custom:scripting/monoscript/fileName/WebcamCamera.cs: f4c504cf8c1128b2c2e03b767d73dc63 -> 
  custom:audio-encoder-webm-vorbis: bf7c407c2cedff20999df2af8eb42d56 -> 
  custom:scripting/precompiled-assembly-types:Assembly-CSharp-Editor: 9b41543c173063578afaeb645618e946 -> 
  custom:scripting/precompiled-assembly-types:Assembly-CSharp: cb9d65d4e274110f9d77af33a6bd6af8 -> 
  custom:scripting/monoscript/fileName/ConfigurationEditor.cs: 7c12f3c269dc9a466156445ae82d19fa -> 
========================================================================
Received Import Request.
  Time since last request: 119.237180 seconds.
  path: Assets/ARETT-MRTK3compatible/Prefabs/EyeTracking.prefab
  artifactKey: Guid(4cdf6dffd67e8434884b2c8fe85da3a5) Importer(815301076,1909f56bfc062723c751e8b465ee728b)
Start importing Assets/ARETT-MRTK3compatible/Prefabs/EyeTracking.prefab using Guid(4cdf6dffd67e8434884b2c8fe85da3a5) Importer(815301076,1909f56bfc062723c751e8b465ee728b) [PhysX] Initialized MultithreadedTaskDispatcher with 8 workers.
 -> (artifact id: '5a4bf792aaa41f412898dfb35d86c04c') in 0.002857 seconds
Number of updated asset objects reloaded before import = 56
Number of asset objects unloaded after import = 0
========================================================================
Received Prepare
Caller must complete domain reload
Begin MonoManager ReloadAssembly
- Loaded All Assemblies, in  2.332 seconds
Native extension for UWP target not found
Native extension for WindowsStandalone target not found
[Package Manager] Server::EnsureServerProcessIsRunning -- launch failed, reason: Unity was launched with the -noUpm command-line argument
[Package Manager] UpmClient::Send -- Unable to send message (not connected to UPM process).
[Package Manager] Cannot connect to Unity Package Manager local server
[Package Manager] Server::EnsureServerProcessIsRunning -- launch failed, reason: Unity was launched with the -noUpm command-line argument
[Package Manager] UpmClient::Send -- Unable to send message (not connected to UPM process).
[Package Manager] Cannot connect to Unity Package Manager local server
Mono: successfully reloaded assembly
[Package Manager] Server::EnsureServerProcessIsRunning -- launch failed, reason: Unity was launched with the -noUpm command-line argument
[Package Manager] UpmClient::Send -- Unable to send message (not connected to UPM process).
[Package Manager] Cannot connect to Unity Package Manager local server
- Finished resetting the current domain, in  1.939 seconds
Domain Reload Profiling: 4258ms
	BeginReloadAssembly (1506ms)
		ExecutionOrderSort (0ms)
		DisableScriptedObjects (34ms)
		BackupInstance (0ms)
		ReleaseScriptingObjects (0ms)
		CreateAndSetChildDomain (109ms)
	RebuildCommonClasses (70ms)
	RebuildNativeTypeToScriptingClass (36ms)
	initialDomainReloadingComplete (135ms)
	LoadAllAssembliesAndSetupDomain (572ms)
		LoadAssemblies (1610ms)
		RebuildTransferFunctionScriptingTraits (0ms)
		AnalyzeDomain (108ms)
			TypeCache.Refresh (17ms)
				TypeCache.ScanAssembly (1ms)
			ScanForSourceGeneratedMonoScriptInfo (54ms)
			ResolveRequiredComponents (32ms)
	FinalizeReload (1939ms)
		ReleaseScriptCaches (0ms)
		RebuildScriptCaches (0ms)
		SetupLoadedEditorAssemblies (697ms)
			LogAssemblyErrors (0ms)
			InitializePlatformSupportModulesInManaged (10ms)
			SetLoadedEditorAssemblies (7ms)
			RefreshPlugins (0ms)
			BeforeProcessingInitializeOnLoad (131ms)
			ProcessInitializeOnLoadAttributes (452ms)
			ProcessInitializeOnLoadMethodAttributes (85ms)
			AfterProcessingInitializeOnLoad (12ms)
			EditorAssembliesLoaded (0ms)
		ExecutionOrderSort2 (0ms)
		AwakeInstancesAfterBackupRestoration (13ms)
Refreshing native plugins compatible for Editor in 19.02 ms, found 16 plugins.
Preloading 0 native plugins for Editor in 0.00 ms.
Unloading 5497 Unused Serialized files (Serialized files now loaded: 0)
Unloading 94 unused Assets / (1.3 MB). Loaded Objects now: 5997.
Memory consumption went from 178.1 MB to 176.8 MB.
Total: 5.354500 ms (FindLiveObjects: 0.945400 ms CreateObjectMapping: 0.735800 ms MarkObjects: 2.994900 ms  DeleteObjects: 0.677200 ms)

Prepare: number of updated asset objects reloaded= 0
AssetImportParameters requested are different than current active one (requested -> active):
  custom:scripting/monoscript/fileName/IFileHandler.cs: 140bad73cbf6c1cd207a361b8c050f23 -> 
  custom:container-demuxer-ogg: 62fdf1f143b41e24485cea50d1cbac27 -> 
  custom:scripting/monoscript/fileName/HTTPServer.cs: 5f81df2f5011e885df6e7a438042c977 -> 
  custom:scripting/monoscript/fileName/Success.cs: d1a4dfd53f5d2f2a7fba724f4cec8175 -> 
  custom:video-decoder-ogg-theora: a1e56fd34408186e4bbccfd4996cb3dc -> 
  custom:framework-win-MediaFoundation: 216162199b28c13a410421893ffa2e32 -> 
  custom:scripting/monoscript/fileName/Status.cs: 2f313e3eb3f76aa16b2693727cbe8e77 -> 
  custom:scripting/monoscript/fileName/GazeAPIData.cs: 220b782086da96206bd24be7d7711126 -> 
  custom:scripting/monoscript/fileName/Participant.cs: c6356ccff281a362fd2bfc3078a0d505 -> 
  custom:CustomObjectIndexerAttribute: 9a22284fe3817be447336de3de66b15e -> 
  custom:container-demuxer-webm: 4f35f7cbe854078d1ac9338744f61a02 -> 
  custom:scripting/monoscript/fileName/GazeReceiverScript.cs: d091973854ab4551da7d92e37cb5992f -> 
  custom:scripting/monoscript/fileName/FileHandler.cs: 7c3c97cfc78b737cc5ff9b6f7fd1efa9 -> 
  custom:container-muxer-webm: aa71ff27fc2769a1b78a27578f13a17b -> 
  custom:scripting/monoscript/fileName/IDataAccess.cs: 5faa88dae1e33454e92d81e79128d19e -> 
  custom:video-decoder-webm-vp8: 9c59270c3fd7afecdb556c50c9e8de78 -> 
  custom:SearchIndexIgnoredProperties: e643bd26f0fe6173181afceb89e7c659 -> 
  custom:AudioImporter_EditorPlatform: d09bf68614088b80899f8185d706f6e7 -> 
  custom:scripting/monoscript/fileName/WebServer.cs: 01a0108b1b831e9b5e8e635372a80bbd -> 
  custom:scripting/monoscript/fileName/RecordingInfo.cs: c91237ed757f305578f13d5ad3567f29 -> 
  custom:scripting/monoscript/fileName/DataAccessUWP.cs: 26accc2da1bce451c0237a8a3781f8b7 -> 
  custom:scripting/monoscript/fileName/DataAccessEditor.cs: 8941e34c93e25f7e180288098832eaf8 -> 
  custom:scripting/monoscript/fileName/DataProvider.cs: f71e0fa542cf0c500db7c0d6fc11f9c1 -> 
  custom:scripting/monoscript/fileName/Recording.cs: 35b65cc66c41da89541ed5c49118b013 -> 
  custom:video-encoder-webm-vp8: eb34c28f22e8b96e1ab97ce403110664 -> 
  custom:scripting/monoscript/fileName/DocumentsFolderCapabilityPostBuildProcessor.cs: 446adbf637eee3f475db73c46316637b -> 
  custom:audio-decoder-ogg-vorbis: bf7c407c2cedff20999df2af8eb42d56 -> 
  custom:scripting/monoscript/fileName/AccuracyGrid.cs: 5843ffe7e084e2065b8341b72c911b84 -> 
  custom:scripting/monoscript/fileName/Configuration.cs: 509089085ca7d6f1a6098a39ec4d8d17 -> e1f88d5c26e809ccbf42081e8154788a
  custom:scripting/monoscript/fileName/GazeData.cs: 031e5d0fe0aacbc20dce69bb6e7e5f08 -> 
  custom:scripting/monoscript/fileName/DataLogger.cs: f7551458459301cfd1b2fa5e7154b24b -> 
  custom:scripting/monoscript/fileName/PositionInfo.cs: f930aa4565d2c6f457a3df0885d42b12 -> 
  custom:scripting/monoscript/fileName/WebcamCamera.cs: f4c504cf8c1128b2c2e03b767d73dc63 -> 
  custom:audio-encoder-webm-vorbis: bf7c407c2cedff20999df2af8eb42d56 -> 
  custom:scripting/precompiled-assembly-types:Assembly-CSharp-Editor: 9b41543c173063578afaeb645618e946 -> 
  custom:scripting/precompiled-assembly-types:Assembly-CSharp: 6c08343cbef775c2aaadbf95aaa9e367 -> 
  custom:scripting/monoscript/fileName/ConfigurationEditor.cs: 7c12f3c269dc9a466156445ae82d19fa -> 
========================================================================
Received Prepare
Caller must complete domain reload
Begin MonoManager ReloadAssembly
- Loaded All Assemblies, in  0.936 seconds
Native extension for UWP target not found
Native extension for WindowsStandalone target not found
[Package Manager] Server::EnsureServerProcessIsRunning -- launch failed, reason: Unity was launched with the -noUpm command-line argument
[Package Manager] UpmClient::Send -- Unable to send message (not connected to UPM process).
[Package Manager] Cannot connect to Unity Package Manager local server
[Package Manager] Server::EnsureServerProcessIsRunning -- launch failed, reason: Unity was launched with the -noUpm command-line argument
[Package Manager] UpmClient::Send -- Unable to send message (not connected to UPM process).
[Package Manager] Cannot connect to Unity Package Manager local server
Mono: successfully reloaded assembly
[Package Manager] Server::EnsureServerProcessIsRunning -- launch failed, reason: Unity was launched with the -noUpm command-line argument
[Package Manager] UpmClient::Send -- Unable to send message (not connected to UPM process).
[Package Manager] Cannot connect to Unity Package Manager local server
- Finished resetting the current domain, in  1.512 seconds
Domain Reload Profiling: 2439ms
	BeginReloadAssembly (186ms)
		ExecutionOrderSort (0ms)
		DisableScriptedObjects (4ms)
		BackupInstance (0ms)
		ReleaseScriptingObjects (0ms)
		CreateAndSetChildDomain (48ms)
	RebuildCommonClasses (34ms)
	RebuildNativeTypeToScriptingClass (15ms)
	initialDomainReloadingComplete (37ms)
	LoadAllAssembliesAndSetupDomain (655ms)
		LoadAssemblies (435ms)
		RebuildTransferFunctionScriptingTraits (0ms)
		AnalyzeDomain (315ms)
			TypeCache.Refresh (215ms)
				TypeCache.ScanAssembly (179ms)
			ScanForSourceGeneratedMonoScriptInfo (78ms)
			ResolveRequiredComponents (20ms)
	FinalizeReload (1512ms)
		ReleaseScriptCaches (0ms)
		RebuildScriptCaches (0ms)
		SetupLoadedEditorAssemblies (784ms)
			LogAssemblyErrors (0ms)
			InitializePlatformSupportModulesInManaged (10ms)
			SetLoadedEditorAssemblies (6ms)
			RefreshPlugins (0ms)
			BeforeProcessingInitializeOnLoad (124ms)
			ProcessInitializeOnLoadAttributes (532ms)
			ProcessInitializeOnLoadMethodAttributes (94ms)
			AfterProcessingInitializeOnLoad (18ms)
			EditorAssembliesLoaded (1ms)
		ExecutionOrderSort2 (0ms)
		AwakeInstancesAfterBackupRestoration (17ms)
Refreshing native plugins compatible for Editor in 58.10 ms, found 16 plugins.
Preloading 0 native plugins for Editor in 0.00 ms.
Unloading 5498 Unused Serialized files (Serialized files now loaded: 0)
Unloading 94 unused Assets / (1.3 MB). Loaded Objects now: 6001.
Memory consumption went from 178.5 MB to 177.1 MB.
Total: 10.427200 ms (FindLiveObjects: 0.571300 ms CreateObjectMapping: 0.642900 ms MarkObjects: 7.940600 ms  DeleteObjects: 1.271100 ms)

Prepare: number of updated asset objects reloaded= 0
AssetImportParameters requested are different than current active one (requested -> active):
  custom:scripting/monoscript/fileName/IFileHandler.cs: 140bad73cbf6c1cd207a361b8c050f23 -> 
  custom:container-demuxer-ogg: 62fdf1f143b41e24485cea50d1cbac27 -> 
  custom:scripting/precompiled-assembly-types:Unity.PlasticSCM.Editor: 6422b6ca0d4c4c6df738ede20396ac4f -> 61b19ddb92073bec3b858fc919e16e73
  custom:scripting/monoscript/fileName/HTTPServer.cs: 5f81df2f5011e885df6e7a438042c977 -> 
  custom:scripting/monoscript/fileName/Success.cs: d1a4dfd53f5d2f2a7fba724f4cec8175 -> 
  custom:video-decoder-ogg-theora: a1e56fd34408186e4bbccfd4996cb3dc -> 
  custom:framework-win-MediaFoundation: 216162199b28c13a410421893ffa2e32 -> 
  custom:scripting/monoscript/fileName/Status.cs: 2f313e3eb3f76aa16b2693727cbe8e77 -> 
  custom:scripting/monoscript/fileName/GazeAPIData.cs: 220b782086da96206bd24be7d7711126 -> 
  custom:scripting/monoscript/fileName/Participant.cs: c6356ccff281a362fd2bfc3078a0d505 -> 
  custom:scripting/precompiled-assembly-types:Unity.Timeline.Editor: b4313fba5652ee5a8449f3ec85f31ae4 -> 534d7c71c4dd9147ea00599cede121e1
  custom:CustomObjectIndexerAttribute: 9a22284fe3817be447336de3de66b15e -> 
  custom:container-demuxer-webm: 4f35f7cbe854078d1ac9338744f61a02 -> 
  custom:scripting/monoscript/fileName/GazeReceiverScript.cs: d091973854ab4551da7d92e37cb5992f -> 
  custom:scripting/monoscript/fileName/FileHandler.cs: 7c3c97cfc78b737cc5ff9b6f7fd1efa9 -> 
  custom:container-muxer-webm: aa71ff27fc2769a1b78a27578f13a17b -> 
  custom:scripting/precompiled-assembly-types:Unity.XR.OpenXR: 1824cdf5325d3e8dd1885d4f9c5aa8bf -> 10bc3f1864d59f230b0a53c5ec5cc9c8
  custom:scripting/monoscript/fileName/IDataAccess.cs: 5faa88dae1e33454e92d81e79128d19e -> 
  custom:video-decoder-webm-vp8: 9c59270c3fd7afecdb556c50c9e8de78 -> 
  custom:SearchIndexIgnoredProperties: e643bd26f0fe6173181afceb89e7c659 -> 
  custom:AudioImporter_EditorPlatform: d09bf68614088b80899f8185d706f6e7 -> 
  custom:scripting/monoscript/fileName/WebServer.cs: 01a0108b1b831e9b5e8e635372a80bbd -> 
  custom:scripting/precompiled-assembly-types:Unity.VisualScripting.Core.Editor: 1ac958119c4ad755d50390246b13522a -> 39597c0f3a76e24d87d64afa59c5f88d
  custom:scripting/precompiled-assembly-types:UnityEngine.TestRunner: 7a4d96a0696e29157328c6996c3b82c5 -> f5758234275f5346968d00e3b1a1c0e4
  custom:scripting/monoscript/fileName/RecordingInfo.cs: c91237ed757f305578f13d5ad3567f29 -> 
  custom:scripting/monoscript/fileName/DataAccessUWP.cs: 26accc2da1bce451c0237a8a3781f8b7 -> 
  custom:scripting/monoscript/fileName/DataAccessEditor.cs: 8941e34c93e25f7e180288098832eaf8 -> 
  custom:scripting/precompiled-assembly-types:Unity.InputSystem: 7e4ac2e2a87c4f80cdf0b0a4975e85dc -> 785cafa545bbe73e3ae893412b423588
  custom:scripting/monoscript/fileName/DataProvider.cs: f71e0fa542cf0c500db7c0d6fc11f9c1 -> 
  custom:scripting/monoscript/fileName/Recording.cs: 35b65cc66c41da89541ed5c49118b013 -> 
  custom:video-encoder-webm-vp8: eb34c28f22e8b96e1ab97ce403110664 -> 
  custom:scripting/monoscript/fileName/DocumentsFolderCapabilityPostBuildProcessor.cs: 446adbf637eee3f475db73c46316637b -> 
  custom:audio-decoder-ogg-vorbis: bf7c407c2cedff20999df2af8eb42d56 -> 
  custom:scripting/monoscript/fileName/AccuracyGrid.cs: 5843ffe7e084e2065b8341b72c911b84 -> 
  custom:scripting/monoscript/fileName/Configuration.cs: 509089085ca7d6f1a6098a39ec4d8d17 -> e1f88d5c26e809ccbf42081e8154788a
  custom:scripting/monoscript/fileName/GazeData.cs: 031e5d0fe0aacbc20dce69bb6e7e5f08 -> 
  custom:scripting/monoscript/fileName/DataLogger.cs: f7551458459301cfd1b2fa5e7154b24b -> 
  custom:scripting/monoscript/fileName/PositionInfo.cs: f930aa4565d2c6f457a3df0885d42b12 -> 
  custom:scripting/monoscript/fileName/WebcamCamera.cs: f4c504cf8c1128b2c2e03b767d73dc63 -> 
  custom:audio-encoder-webm-vorbis: bf7c407c2cedff20999df2af8eb42d56 -> 
  custom:scripting/precompiled-assembly-types:Assembly-CSharp-Editor: 9b41543c173063578afaeb645618e946 -> 
  custom:scripting/precompiled-assembly-types:Assembly-CSharp: 6c08343cbef775c2aaadbf95aaa9e367 -> 
  custom:scripting/monoscript/fileName/ConfigurationEditor.cs: 7c12f3c269dc9a466156445ae82d19fa -> 
========================================================================
Received Prepare
Caller must complete domain reload
Begin MonoManager ReloadAssembly
- Loaded All Assemblies, in  0.595 seconds
Native extension for UWP target not found
Native extension for WindowsStandalone target not found
[Package Manager] Server::EnsureServerProcessIsRunning -- launch failed, reason: Unity was launched with the -noUpm command-line argument
[Package Manager] UpmClient::Send -- Unable to send message (not connected to UPM process).
[Package Manager] Cannot connect to Unity Package Manager local server
[Package Manager] Server::EnsureServerProcessIsRunning -- launch failed, reason: Unity was launched with the -noUpm command-line argument
[Package Manager] UpmClient::Send -- Unable to send message (not connected to UPM process).
[Package Manager] Cannot connect to Unity Package Manager local server
Mono: successfully reloaded assembly
[Package Manager] Server::EnsureServerProcessIsRunning -- launch failed, reason: Unity was launched with the -noUpm command-line argument
[Package Manager] UpmClient::Send -- Unable to send message (not connected to UPM process).
[Package Manager] Cannot connect to Unity Package Manager local server
- Finished resetting the current domain, in  1.339 seconds
Domain Reload Profiling: 1929ms
	BeginReloadAssembly (199ms)
		ExecutionOrderSort (0ms)
		DisableScriptedObjects (5ms)
		BackupInstance (0ms)
		ReleaseScriptingObjects (0ms)
		CreateAndSetChildDomain (52ms)
	RebuildCommonClasses (34ms)
	RebuildNativeTypeToScriptingClass (12ms)
	initialDomainReloadingComplete (32ms)
	LoadAllAssembliesAndSetupDomain (312ms)
		LoadAssemblies (349ms)
		RebuildTransferFunctionScriptingTraits (0ms)
		AnalyzeDomain (54ms)
			TypeCache.Refresh (11ms)
				TypeCache.ScanAssembly (0ms)
			ScanForSourceGeneratedMonoScriptInfo (28ms)
			ResolveRequiredComponents (13ms)
	FinalizeReload (1339ms)
		ReleaseScriptCaches (0ms)
		RebuildScriptCaches (0ms)
		SetupLoadedEditorAssemblies (713ms)
			LogAssemblyErrors (0ms)
			InitializePlatformSupportModulesInManaged (11ms)
			SetLoadedEditorAssemblies (6ms)
			RefreshPlugins (0ms)
			BeforeProcessingInitializeOnLoad (104ms)
			ProcessInitializeOnLoadAttributes (510ms)
			ProcessInitializeOnLoadMethodAttributes (73ms)
			AfterProcessingInitializeOnLoad (9ms)
			EditorAssembliesLoaded (0ms)
		ExecutionOrderSort2 (0ms)
		AwakeInstancesAfterBackupRestoration (14ms)
Refreshing native plugins compatible for Editor in 16.65 ms, found 16 plugins.
Preloading 0 native plugins for Editor in 0.00 ms.
Unloading 5498 Unused Serialized files (Serialized files now loaded: 0)
Unloading 94 unused Assets / (1.3 MB). Loaded Objects now: 6005.
Memory consumption went from 178.5 MB to 177.1 MB.
Total: 4.063200 ms (FindLiveObjects: 0.424400 ms CreateObjectMapping: 0.406200 ms MarkObjects: 2.549700 ms  DeleteObjects: 0.681700 ms)

Prepare: number of updated asset objects reloaded= 0
AssetImportParameters requested are different than current active one (requested -> active):
  custom:scripting/monoscript/fileName/IFileHandler.cs: 140bad73cbf6c1cd207a361b8c050f23 -> 
  custom:container-demuxer-ogg: 62fdf1f143b41e24485cea50d1cbac27 -> 
  custom:scripting/precompiled-assembly-types:Unity.PlasticSCM.Editor: 6422b6ca0d4c4c6df738ede20396ac4f -> 61b19ddb92073bec3b858fc919e16e73
  custom:scripting/monoscript/fileName/HTTPServer.cs: 5f81df2f5011e885df6e7a438042c977 -> 
  custom:scripting/monoscript/fileName/Success.cs: d1a4dfd53f5d2f2a7fba724f4cec8175 -> 
  custom:video-decoder-ogg-theora: a1e56fd34408186e4bbccfd4996cb3dc -> 
  custom:framework-win-MediaFoundation: 216162199b28c13a410421893ffa2e32 -> 
  custom:scripting/monoscript/fileName/Status.cs: 2f313e3eb3f76aa16b2693727cbe8e77 -> 
  custom:scripting/monoscript/fileName/GazeAPIData.cs: 220b782086da96206bd24be7d7711126 -> 
  custom:scripting/monoscript/fileName/Participant.cs: c6356ccff281a362fd2bfc3078a0d505 -> 
  custom:scripting/precompiled-assembly-types:Unity.Timeline.Editor: b4313fba5652ee5a8449f3ec85f31ae4 -> 534d7c71c4dd9147ea00599cede121e1
  custom:CustomObjectIndexerAttribute: 9a22284fe3817be447336de3de66b15e -> 
  custom:container-demuxer-webm: 4f35f7cbe854078d1ac9338744f61a02 -> 
  custom:scripting/monoscript/fileName/GazeReceiverScript.cs: d091973854ab4551da7d92e37cb5992f -> 
  custom:scripting/monoscript/fileName/FileHandler.cs: 7c3c97cfc78b737cc5ff9b6f7fd1efa9 -> 
  custom:container-muxer-webm: aa71ff27fc2769a1b78a27578f13a17b -> 
  custom:scripting/precompiled-assembly-types:Unity.XR.OpenXR: 1824cdf5325d3e8dd1885d4f9c5aa8bf -> 10bc3f1864d59f230b0a53c5ec5cc9c8
  custom:scripting/monoscript/fileName/IDataAccess.cs: 5faa88dae1e33454e92d81e79128d19e -> 
  custom:video-decoder-webm-vp8: 9c59270c3fd7afecdb556c50c9e8de78 -> 
  custom:SearchIndexIgnoredProperties: e643bd26f0fe6173181afceb89e7c659 -> 
  custom:AudioImporter_EditorPlatform: d09bf68614088b80899f8185d706f6e7 -> 
  custom:scripting/monoscript/fileName/WebServer.cs: 01a0108b1b831e9b5e8e635372a80bbd -> 
  custom:scripting/precompiled-assembly-types:Unity.VisualScripting.Core.Editor: 1ac958119c4ad755d50390246b13522a -> 39597c0f3a76e24d87d64afa59c5f88d
  custom:scripting/precompiled-assembly-types:UnityEngine.TestRunner: 7a4d96a0696e29157328c6996c3b82c5 -> f5758234275f5346968d00e3b1a1c0e4
  custom:scripting/monoscript/fileName/RecordingInfo.cs: c91237ed757f305578f13d5ad3567f29 -> 
  custom:scripting/monoscript/fileName/DataAccessUWP.cs: 26accc2da1bce451c0237a8a3781f8b7 -> 
  custom:scripting/monoscript/fileName/DataAccessEditor.cs: 8941e34c93e25f7e180288098832eaf8 -> 
  custom:scripting/precompiled-assembly-types:Unity.InputSystem: 7e4ac2e2a87c4f80cdf0b0a4975e85dc -> 785cafa545bbe73e3ae893412b423588
  custom:scripting/monoscript/fileName/DataProvider.cs: f71e0fa542cf0c500db7c0d6fc11f9c1 -> 
  custom:scripting/monoscript/fileName/Recording.cs: 35b65cc66c41da89541ed5c49118b013 -> 
  custom:video-encoder-webm-vp8: eb34c28f22e8b96e1ab97ce403110664 -> 
  custom:scripting/monoscript/fileName/DocumentsFolderCapabilityPostBuildProcessor.cs: 446adbf637eee3f475db73c46316637b -> 
  custom:audio-decoder-ogg-vorbis: bf7c407c2cedff20999df2af8eb42d56 -> 
  custom:scripting/monoscript/fileName/AccuracyGrid.cs: 5843ffe7e084e2065b8341b72c911b84 -> 
  custom:scripting/monoscript/fileName/Configuration.cs: 509089085ca7d6f1a6098a39ec4d8d17 -> e1f88d5c26e809ccbf42081e8154788a
  custom:scripting/monoscript/fileName/GazeData.cs: 031e5d0fe0aacbc20dce69bb6e7e5f08 -> 
  custom:scripting/monoscript/fileName/DataLogger.cs: f7551458459301cfd1b2fa5e7154b24b -> 
  custom:scripting/monoscript/fileName/PositionInfo.cs: f930aa4565d2c6f457a3df0885d42b12 -> 
  custom:scripting/monoscript/fileName/WebcamCamera.cs: f4c504cf8c1128b2c2e03b767d73dc63 -> 
  custom:audio-encoder-webm-vorbis: bf7c407c2cedff20999df2af8eb42d56 -> 
  custom:scripting/precompiled-assembly-types:Assembly-CSharp-Editor: 9b41543c173063578afaeb645618e946 -> 
  custom:scripting/precompiled-assembly-types:Assembly-CSharp: f8dff36dfac77d63d48389fc4abc2806 -> 
  custom:scripting/monoscript/fileName/ConfigurationEditor.cs: 7c12f3c269dc9a466156445ae82d19fa -> 
