Using pre-set license
Built from '2022.3/staging' branch; Version is '2022.3.50f1 (c3db7f8bf9b1) revision 12835711'; Using compiler version '192829333'; Build Type 'Release'
OS: 'Windows 10  (10.0.19045) 64bit Core' Language: 'de' Physical Memory: 32720 MB
BatchMode: 1, IsHumanControllingUs: 0, StartBugReporterOnCrash: 0, Is64bit: 1, IsPro: 1

COMMAND LINE ARGUMENTS:
C:\Program Files\Unity\Hub\Editor\2022.3.50f1\Editor\Unity.exe
-adb2
-batchMode
-noUpm
-name
AssetImportWorker0
-projectPath
C:/Users/Kai/Desktop/github/Ubicomp-Assignment02-KaiSchultz/unity
-logFile
Logs/AssetImportWorker0.log
-srvPort
51256
Successfully changed project path to: C:/Users/Kai/Desktop/github/Ubicomp-Assignment02-KaiSchultz/unity
C:/Users/Kai/Desktop/github/Ubicomp-Assignment02-KaiSchultz/unity
[UnityMemory] Configuration Parameters - Can be set up in boot.config
    "memorysetup-bucket-allocator-granularity=16"
    "memorysetup-bucket-allocator-bucket-count=8"
    "memorysetup-bucket-allocator-block-size=33554432"
    "memorysetup-bucket-allocator-block-count=8"
    "memorysetup-main-allocator-block-size=16777216"
    "memorysetup-thread-allocator-block-size=16777216"
    "memorysetup-gfx-main-allocator-block-size=16777216"
    "memorysetup-gfx-thread-allocator-block-size=16777216"
    "memorysetup-cache-allocator-block-size=4194304"
    "memorysetup-typetree-allocator-block-size=2097152"
    "memorysetup-profiler-bucket-allocator-granularity=16"
    "memorysetup-profiler-bucket-allocator-bucket-count=8"
    "memorysetup-profiler-bucket-allocator-block-size=33554432"
    "memorysetup-profiler-bucket-allocator-block-count=8"
    "memorysetup-profiler-allocator-block-size=16777216"
    "memorysetup-profiler-editor-allocator-block-size=1048576"
    "memorysetup-temp-allocator-size-main=16777216"
    "memorysetup-job-temp-allocator-block-size=2097152"
    "memorysetup-job-temp-allocator-block-size-background=1048576"
    "memorysetup-job-temp-allocator-reduction-small-platforms=262144"
    "memorysetup-allocator-temp-initial-block-size-main=262144"
    "memorysetup-allocator-temp-initial-block-size-worker=262144"
    "memorysetup-temp-allocator-size-background-worker=32768"
    "memorysetup-temp-allocator-size-job-worker=262144"
    "memorysetup-temp-allocator-size-preload-manager=33554432"
    "memorysetup-temp-allocator-size-nav-mesh-worker=65536"
    "memorysetup-temp-allocator-size-audio-worker=65536"
    "memorysetup-temp-allocator-size-cloud-worker=32768"
    "memorysetup-temp-allocator-size-gi-baking-worker=262144"
    "memorysetup-temp-allocator-size-gfx=262144"
Player connection [16928]  Target information:

Player connection [16928]  * "[IP] 192.168.1.4 [Port] 0 [Flags] 2 [Guid] 3321404242 [EditorId] 3321404242 [Version] 1048832 [Id] WindowsEditor(7,F107379-46) [Debug] 1 [PackageName] WindowsEditor [ProjectName] Editor" 

Player connection [16928] Host joined multi-casting on [225.0.0.222:54997]...
Player connection [16928] Host joined alternative multi-casting on [225.0.0.222:34997]...
[PhysX] Initialized MultithreadedTaskDispatcher with 8 workers.
Refreshing native plugins compatible for Editor in 31.81 ms, found 16 plugins.
Preloading 0 native plugins for Editor in 0.00 ms.
Initialize engine version: 2022.3.50f1 (c3db7f8bf9b1)
[Subsystems] Discovering subsystems at path C:/Program Files/Unity/Hub/Editor/2022.3.50f1/Editor/Data/Resources/UnitySubsystems
[Subsystems] Discovering subsystems at path C:/Users/Kai/Desktop/github/Ubicomp-Assignment02-KaiSchultz/unity/Assets
GfxDevice: creating device client; threaded=0; jobified=0
Direct3D:
    Version:  Direct3D 11.0 [level 11.1]
    Renderer: NVIDIA GeForce GTX 1080 (ID=0x1b80)
    Vendor:   NVIDIA
    VRAM:     8059 MB
    Driver:   32.0.15.6590
Initialize mono
Mono path[0] = 'C:/Program Files/Unity/Hub/Editor/2022.3.50f1/Editor/Data/Managed'
Mono path[1] = 'C:/Program Files/Unity/Hub/Editor/2022.3.50f1/Editor/Data/MonoBleedingEdge/lib/mono/unityjit-win32'
Mono config path = 'C:/Program Files/Unity/Hub/Editor/2022.3.50f1/Editor/Data/MonoBleedingEdge/etc'
Using monoOptions --debugger-agent=transport=dt_socket,embedding=1,server=y,suspend=n,address=127.0.0.1:56992
Begin MonoManager ReloadAssembly
Registering precompiled unity dll's ...
Register platform support module: C:/Program Files/Unity/Hub/Editor/2022.3.50f1/Editor/Data/PlaybackEngines/WindowsStandaloneSupport/UnityEditor.WindowsStandalone.Extensions.dll
Register platform support module: C:/Program Files/Unity/Hub/Editor/2022.3.50f1/Editor/Data/PlaybackEngines/MetroSupport/UnityEditor.UWP.Extensions.dll
Registered in 0.013054 seconds.
- Loaded All Assemblies, in  0.403 seconds
Native extension for UWP target not found
Native extension for WindowsStandalone target not found
Mono: successfully reloaded assembly
- Finished resetting the current domain, in  0.296 seconds
Domain Reload Profiling: 697ms
	BeginReloadAssembly (115ms)
		ExecutionOrderSort (0ms)
		DisableScriptedObjects (0ms)
		BackupInstance (0ms)
		ReleaseScriptingObjects (0ms)
		CreateAndSetChildDomain (1ms)
	RebuildCommonClasses (41ms)
	RebuildNativeTypeToScriptingClass (11ms)
	initialDomainReloadingComplete (70ms)
	LoadAllAssembliesAndSetupDomain (163ms)
		LoadAssemblies (111ms)
		RebuildTransferFunctionScriptingTraits (0ms)
		AnalyzeDomain (161ms)
			TypeCache.Refresh (160ms)
				TypeCache.ScanAssembly (145ms)
			ScanForSourceGeneratedMonoScriptInfo (0ms)
			ResolveRequiredComponents (0ms)
	FinalizeReload (297ms)
		ReleaseScriptCaches (0ms)
		RebuildScriptCaches (0ms)
		SetupLoadedEditorAssemblies (245ms)
			LogAssemblyErrors (0ms)
			InitializePlatformSupportModulesInManaged (12ms)
			SetLoadedEditorAssemblies (5ms)
			RefreshPlugins (0ms)
			BeforeProcessingInitializeOnLoad (2ms)
			ProcessInitializeOnLoadAttributes (169ms)
			ProcessInitializeOnLoadMethodAttributes (57ms)
			AfterProcessingInitializeOnLoad (0ms)
			EditorAssembliesLoaded (0ms)
		ExecutionOrderSort2 (0ms)
		AwakeInstancesAfterBackupRestoration (0ms)
========================================================================
Worker process is ready to serve import requests
Caller must complete domain reload
Begin MonoManager ReloadAssembly
- Loaded All Assemblies, in  0.863 seconds
Native extension for UWP target not found
Native extension for WindowsStandalone target not found
Package Manager log level set to [2]
[Package Manager] Server::EnsureServerProcessIsRunning -- launch failed, reason: Unity was launched with the -noUpm command-line argument
[Package Manager] UpmClient::Send -- Unable to send message (not connected to UPM process).
[Package Manager] Cannot connect to Unity Package Manager local server
[Package Manager] Server::EnsureServerProcessIsRunning -- launch failed, reason: Unity was launched with the -noUpm command-line argument
[Package Manager] UpmClient::Send -- Unable to send message (not connected to UPM process).
[Package Manager] Cannot connect to Unity Package Manager local server
Mono: successfully reloaded assembly
[Package Manager] Server::EnsureServerProcessIsRunning -- launch failed, reason: Unity was launched with the -noUpm command-line argument
[Package Manager] UpmClient::Send -- Unable to send message (not connected to UPM process).
[Package Manager] Cannot connect to Unity Package Manager local server
[Package Manager] Server::EnsureServerProcessIsRunning -- launch failed, reason: Unity was launched with the -noUpm command-line argument
[Package Manager] UpmClient::Send -- Unable to send message (not connected to UPM process).
[Package Manager] Cannot connect to Unity Package Manager local server
- Finished resetting the current domain, in  0.949 seconds
Domain Reload Profiling: 1804ms
	BeginReloadAssembly (177ms)
		ExecutionOrderSort (0ms)
		DisableScriptedObjects (6ms)
		BackupInstance (0ms)
		ReleaseScriptingObjects (0ms)
		CreateAndSetChildDomain (30ms)
	RebuildCommonClasses (40ms)
	RebuildNativeTypeToScriptingClass (16ms)
	initialDomainReloadingComplete (48ms)
	LoadAllAssembliesAndSetupDomain (574ms)
		LoadAssemblies (380ms)
		RebuildTransferFunctionScriptingTraits (0ms)
		AnalyzeDomain (289ms)
			TypeCache.Refresh (241ms)
				TypeCache.ScanAssembly (218ms)
			ScanForSourceGeneratedMonoScriptInfo (34ms)
			ResolveRequiredComponents (13ms)
	FinalizeReload (949ms)
		ReleaseScriptCaches (0ms)
		RebuildScriptCaches (0ms)
		SetupLoadedEditorAssemblies (735ms)
			LogAssemblyErrors (0ms)
			InitializePlatformSupportModulesInManaged (10ms)
			SetLoadedEditorAssemblies (6ms)
			RefreshPlugins (0ms)
			BeforeProcessingInitializeOnLoad (110ms)
			ProcessInitializeOnLoadAttributes (497ms)
			ProcessInitializeOnLoadMethodAttributes (101ms)
			AfterProcessingInitializeOnLoad (10ms)
			EditorAssembliesLoaded (0ms)
		ExecutionOrderSort2 (0ms)
		AwakeInstancesAfterBackupRestoration (10ms)
Launched and connected shader compiler UnityShaderCompiler.exe after 0.06 seconds
Refreshing native plugins compatible for Editor in 20.64 ms, found 16 plugins.
Preloading 0 native plugins for Editor in 0.00 ms.
Unloading 5514 Unused Serialized files (Serialized files now loaded: 0)
Unloading 101 unused Assets / (1.3 MB). Loaded Objects now: 5959.
Memory consumption went from 186.1 MB to 184.8 MB.
Total: 5.493400 ms (FindLiveObjects: 0.476400 ms CreateObjectMapping: 0.795800 ms MarkObjects: 3.584500 ms  DeleteObjects: 0.635100 ms)

AssetImportParameters requested are different than current active one (requested -> active):
  custom:container-demuxer-ogg: 62fdf1f143b41e24485cea50d1cbac27 -> 
  custom:video-decoder-ogg-theora: a1e56fd34408186e4bbccfd4996cb3dc -> 
  custom:framework-win-MediaFoundation: 216162199b28c13a410421893ffa2e32 -> 
  custom:CustomObjectIndexerAttribute: 9a22284fe3817be447336de3de66b15e -> 
  custom:container-demuxer-webm: 4f35f7cbe854078d1ac9338744f61a02 -> 
  custom:container-muxer-webm: aa71ff27fc2769a1b78a27578f13a17b -> 
  custom:video-decoder-webm-vp8: 9c59270c3fd7afecdb556c50c9e8de78 -> 
  custom:SearchIndexIgnoredProperties: e643bd26f0fe6173181afceb89e7c659 -> 
  custom:AudioImporter_EditorPlatform: d09bf68614088b80899f8185d706f6e7 -> 
  custom:video-encoder-webm-vp8: eb34c28f22e8b96e1ab97ce403110664 -> 
  custom:audio-decoder-ogg-vorbis: bf7c407c2cedff20999df2af8eb42d56 -> 
  custom:audio-encoder-webm-vorbis: bf7c407c2cedff20999df2af8eb42d56 -> 
========================================================================
Received Import Request.
  Time since last request: 1730.713748 seconds.
  path: Packages/org.mixedrealitytoolkit.core/Configuration/Default Profiles/MRTKProfile.asset
  artifactKey: Guid(c677e5c4eb85b7849a8da406775c299d) Importer(815301076,1909f56bfc062723c751e8b465ee728b)
Start importing Packages/org.mixedrealitytoolkit.core/Configuration/Default Profiles/MRTKProfile.asset using Guid(c677e5c4eb85b7849a8da406775c299d) Importer(815301076,1909f56bfc062723c751e8b465ee728b) [PhysX] Initialized MultithreadedTaskDispatcher with 8 workers.
 -> (artifact id: '0c3da286b4f9ccdf0182a8e779c12735') in 0.029654 seconds
Number of updated asset objects reloaded before import = 0
Number of asset objects unloaded after import = 10
========================================================================
Received Prepare
Caller must complete domain reload
Begin MonoManager ReloadAssembly
- Loaded All Assemblies, in  0.612 seconds
Native extension for UWP target not found
Native extension for WindowsStandalone target not found
[Package Manager] Server::EnsureServerProcessIsRunning -- launch failed, reason: Unity was launched with the -noUpm command-line argument
[Package Manager] UpmClient::Send -- Unable to send message (not connected to UPM process).
[Package Manager] Cannot connect to Unity Package Manager local server
[Package Manager] Server::EnsureServerProcessIsRunning -- launch failed, reason: Unity was launched with the -noUpm command-line argument
[Package Manager] UpmClient::Send -- Unable to send message (not connected to UPM process).
[Package Manager] Cannot connect to Unity Package Manager local server
Mono: successfully reloaded assembly
[Package Manager] Server::EnsureServerProcessIsRunning -- launch failed, reason: Unity was launched with the -noUpm command-line argument
[Package Manager] UpmClient::Send -- Unable to send message (not connected to UPM process).
[Package Manager] Cannot connect to Unity Package Manager local server
- Finished resetting the current domain, in  1.309 seconds
Domain Reload Profiling: 1914ms
	BeginReloadAssembly (183ms)
		ExecutionOrderSort (0ms)
		DisableScriptedObjects (4ms)
		BackupInstance (0ms)
		ReleaseScriptingObjects (0ms)
		CreateAndSetChildDomain (51ms)
	RebuildCommonClasses (41ms)
	RebuildNativeTypeToScriptingClass (11ms)
	initialDomainReloadingComplete (35ms)
	LoadAllAssembliesAndSetupDomain (335ms)
		LoadAssemblies (374ms)
		RebuildTransferFunctionScriptingTraits (0ms)
		AnalyzeDomain (52ms)
			TypeCache.Refresh (11ms)
				TypeCache.ScanAssembly (1ms)
			ScanForSourceGeneratedMonoScriptInfo (27ms)
			ResolveRequiredComponents (12ms)
	FinalizeReload (1310ms)
		ReleaseScriptCaches (0ms)
		RebuildScriptCaches (0ms)
		SetupLoadedEditorAssemblies (713ms)
			LogAssemblyErrors (0ms)
			InitializePlatformSupportModulesInManaged (11ms)
			SetLoadedEditorAssemblies (6ms)
			RefreshPlugins (0ms)
			BeforeProcessingInitializeOnLoad (108ms)
			ProcessInitializeOnLoadAttributes (508ms)
			ProcessInitializeOnLoadMethodAttributes (72ms)
			AfterProcessingInitializeOnLoad (9ms)
			EditorAssembliesLoaded (0ms)
		ExecutionOrderSort2 (0ms)
		AwakeInstancesAfterBackupRestoration (11ms)
Refreshing native plugins compatible for Editor in 23.21 ms, found 16 plugins.
Preloading 0 native plugins for Editor in 0.00 ms.
Unloading 5496 Unused Serialized files (Serialized files now loaded: 0)
Unloading 94 unused Assets / (1.2 MB). Loaded Objects now: 5988.
Memory consumption went from 178.0 MB to 176.8 MB.
Total: 4.721900 ms (FindLiveObjects: 0.567800 ms CreateObjectMapping: 0.494200 ms MarkObjects: 2.659000 ms  DeleteObjects: 0.999500 ms)

Prepare: number of updated asset objects reloaded= 52
AssetImportParameters requested are different than current active one (requested -> active):
  custom:scripting/monoscript/fileName/IFileHandler.cs: 140bad73cbf6c1cd207a361b8c050f23 -> 
  custom:container-demuxer-ogg: 62fdf1f143b41e24485cea50d1cbac27 -> 
  custom:scripting/monoscript/fileName/HTTPServer.cs: 5f81df2f5011e885df6e7a438042c977 -> 
  custom:scripting/monoscript/fileName/Success.cs: d1a4dfd53f5d2f2a7fba724f4cec8175 -> 
  custom:video-decoder-ogg-theora: a1e56fd34408186e4bbccfd4996cb3dc -> 
  custom:framework-win-MediaFoundation: 216162199b28c13a410421893ffa2e32 -> 
  custom:scripting/monoscript/fileName/Status.cs: 2f313e3eb3f76aa16b2693727cbe8e77 -> 
  custom:scripting/monoscript/fileName/GazeAPIData.cs: 220b782086da96206bd24be7d7711126 -> 
  custom:scripting/monoscript/fileName/Participant.cs: c6356ccff281a362fd2bfc3078a0d505 -> 
  custom:CustomObjectIndexerAttribute: 9a22284fe3817be447336de3de66b15e -> 
  custom:container-demuxer-webm: 4f35f7cbe854078d1ac9338744f61a02 -> 
  custom:scripting/monoscript/fileName/FileHandler.cs: 7c3c97cfc78b737cc5ff9b6f7fd1efa9 -> 
  custom:container-muxer-webm: aa71ff27fc2769a1b78a27578f13a17b -> 
  custom:scripting/monoscript/fileName/IDataAccess.cs: 5faa88dae1e33454e92d81e79128d19e -> 
  custom:video-decoder-webm-vp8: 9c59270c3fd7afecdb556c50c9e8de78 -> 
  custom:SearchIndexIgnoredProperties: e643bd26f0fe6173181afceb89e7c659 -> 
  custom:AudioImporter_EditorPlatform: d09bf68614088b80899f8185d706f6e7 -> 
  custom:scripting/monoscript/fileName/WebServer.cs: 01a0108b1b831e9b5e8e635372a80bbd -> 
  custom:scripting/monoscript/fileName/RecordingInfo.cs: c91237ed757f305578f13d5ad3567f29 -> 
  custom:scripting/monoscript/fileName/DataAccessUWP.cs: 26accc2da1bce451c0237a8a3781f8b7 -> 
  custom:scripting/monoscript/fileName/DataAccessEditor.cs: 8941e34c93e25f7e180288098832eaf8 -> 
  custom:scripting/monoscript/fileName/DataProvider.cs: f71e0fa542cf0c500db7c0d6fc11f9c1 -> 
  custom:scripting/monoscript/fileName/Recording.cs: 35b65cc66c41da89541ed5c49118b013 -> 
  custom:video-encoder-webm-vp8: eb34c28f22e8b96e1ab97ce403110664 -> 
  custom:scripting/monoscript/fileName/DocumentsFolderCapabilityPostBuildProcessor.cs: 446adbf637eee3f475db73c46316637b -> 
  custom:audio-decoder-ogg-vorbis: bf7c407c2cedff20999df2af8eb42d56 -> 
  custom:scripting/monoscript/fileName/AccuracyGrid.cs: 5843ffe7e084e2065b8341b72c911b84 -> 
  custom:scripting/monoscript/fileName/Configuration.cs: 509089085ca7d6f1a6098a39ec4d8d17 -> e1f88d5c26e809ccbf42081e8154788a
  custom:scripting/monoscript/fileName/GazeData.cs: 031e5d0fe0aacbc20dce69bb6e7e5f08 -> 
  custom:scripting/monoscript/fileName/DataLogger.cs: f7551458459301cfd1b2fa5e7154b24b -> 
  custom:scripting/monoscript/fileName/PositionInfo.cs: f930aa4565d2c6f457a3df0885d42b12 -> 
  custom:scripting/monoscript/fileName/WebcamCamera.cs: f4c504cf8c1128b2c2e03b767d73dc63 -> 
  custom:audio-encoder-webm-vorbis: bf7c407c2cedff20999df2af8eb42d56 -> 
  custom:scripting/precompiled-assembly-types:Assembly-CSharp-Editor: 9b41543c173063578afaeb645618e946 -> 
  custom:scripting/precompiled-assembly-types:Assembly-CSharp: cb9d65d4e274110f9d77af33a6bd6af8 -> 
  custom:scripting/monoscript/fileName/ConfigurationEditor.cs: 7c12f3c269dc9a466156445ae82d19fa -> 
========================================================================
Received Import Request.
  Time since last request: 54.716456 seconds.
  path: Assets/ARETT-MRTK3compatible/Prefabs/AccuracyDisplay.prefab
  artifactKey: Guid(24e4f1a0a21acdc46892f96139136f68) Importer(815301076,1909f56bfc062723c751e8b465ee728b)
Start importing Assets/ARETT-MRTK3compatible/Prefabs/AccuracyDisplay.prefab using Guid(24e4f1a0a21acdc46892f96139136f68) Importer(815301076,1909f56bfc062723c751e8b465ee728b) [PhysX] Initialized MultithreadedTaskDispatcher with 8 workers.
[PhysX] Initialized MultithreadedTaskDispatcher with 8 workers.
 -> (artifact id: '2a3e59a6957e7d67a340dc500c36a12f') in 0.090332 seconds
Number of updated asset objects reloaded before import = 52
Number of asset objects unloaded after import = 92
========================================================================
Received Prepare
Caller must complete domain reload
Begin MonoManager ReloadAssembly
- Loaded All Assemblies, in  0.502 seconds
Native extension for UWP target not found
Native extension for WindowsStandalone target not found
[Package Manager] Server::EnsureServerProcessIsRunning -- launch failed, reason: Unity was launched with the -noUpm command-line argument
[Package Manager] UpmClient::Send -- Unable to send message (not connected to UPM process).
[Package Manager] Cannot connect to Unity Package Manager local server
[Package Manager] Server::EnsureServerProcessIsRunning -- launch failed, reason: Unity was launched with the -noUpm command-line argument
[Package Manager] UpmClient::Send -- Unable to send message (not connected to UPM process).
[Package Manager] Cannot connect to Unity Package Manager local server
Mono: successfully reloaded assembly
[Package Manager] Server::EnsureServerProcessIsRunning -- launch failed, reason: Unity was launched with the -noUpm command-line argument
[Package Manager] UpmClient::Send -- Unable to send message (not connected to UPM process).
[Package Manager] Cannot connect to Unity Package Manager local server
- Finished resetting the current domain, in  1.300 seconds
Domain Reload Profiling: 1797ms
	BeginReloadAssembly (157ms)
		ExecutionOrderSort (0ms)
		DisableScriptedObjects (4ms)
		BackupInstance (0ms)
		ReleaseScriptingObjects (0ms)
		CreateAndSetChildDomain (35ms)
	RebuildCommonClasses (33ms)
	RebuildNativeTypeToScriptingClass (11ms)
	initialDomainReloadingComplete (28ms)
	LoadAllAssembliesAndSetupDomain (267ms)
		LoadAssemblies (323ms)
		RebuildTransferFunctionScriptingTraits (0ms)
		AnalyzeDomain (24ms)
			TypeCache.Refresh (7ms)
				TypeCache.ScanAssembly (0ms)
			ScanForSourceGeneratedMonoScriptInfo (0ms)
			ResolveRequiredComponents (15ms)
	FinalizeReload (1301ms)
		ReleaseScriptCaches (0ms)
		RebuildScriptCaches (0ms)
		SetupLoadedEditorAssemblies (711ms)
			LogAssemblyErrors (0ms)
			InitializePlatformSupportModulesInManaged (9ms)
			SetLoadedEditorAssemblies (5ms)
			RefreshPlugins (0ms)
			BeforeProcessingInitializeOnLoad (106ms)
			ProcessInitializeOnLoadAttributes (498ms)
			ProcessInitializeOnLoadMethodAttributes (83ms)
			AfterProcessingInitializeOnLoad (10ms)
			EditorAssembliesLoaded (0ms)
		ExecutionOrderSort2 (0ms)
		AwakeInstancesAfterBackupRestoration (13ms)
Refreshing native plugins compatible for Editor in 19.36 ms, found 16 plugins.
Preloading 0 native plugins for Editor in 0.00 ms.
Unloading 5496 Unused Serialized files (Serialized files now loaded: 0)
Unloading 94 unused Assets / (1.3 MB). Loaded Objects now: 6001.
Memory consumption went from 182.5 MB to 181.2 MB.
Total: 5.187100 ms (FindLiveObjects: 0.459600 ms CreateObjectMapping: 0.496000 ms MarkObjects: 3.587300 ms  DeleteObjects: 0.643400 ms)

Prepare: number of updated asset objects reloaded= 55
AssetImportParameters requested are different than current active one (requested -> active):
  custom:scripting/monoscript/fileName/IFileHandler.cs: 140bad73cbf6c1cd207a361b8c050f23 -> 
  custom:container-demuxer-ogg: 62fdf1f143b41e24485cea50d1cbac27 -> 
  custom:scripting/monoscript/fileName/HTTPServer.cs: 5f81df2f5011e885df6e7a438042c977 -> 
  custom:scripting/monoscript/fileName/Success.cs: d1a4dfd53f5d2f2a7fba724f4cec8175 -> 
  custom:video-decoder-ogg-theora: a1e56fd34408186e4bbccfd4996cb3dc -> 
  custom:framework-win-MediaFoundation: 216162199b28c13a410421893ffa2e32 -> 
  custom:scripting/monoscript/fileName/Status.cs: 2f313e3eb3f76aa16b2693727cbe8e77 -> 
  custom:scripting/monoscript/fileName/GazeAPIData.cs: 220b782086da96206bd24be7d7711126 -> 
  custom:scripting/monoscript/fileName/Participant.cs: c6356ccff281a362fd2bfc3078a0d505 -> 
  custom:CustomObjectIndexerAttribute: 9a22284fe3817be447336de3de66b15e -> 
  custom:container-demuxer-webm: 4f35f7cbe854078d1ac9338744f61a02 -> 
  custom:scripting/monoscript/fileName/FileHandler.cs: 7c3c97cfc78b737cc5ff9b6f7fd1efa9 -> 
  custom:container-muxer-webm: aa71ff27fc2769a1b78a27578f13a17b -> 
  custom:scripting/monoscript/fileName/IDataAccess.cs: 5faa88dae1e33454e92d81e79128d19e -> 
  custom:video-decoder-webm-vp8: 9c59270c3fd7afecdb556c50c9e8de78 -> 
  custom:SearchIndexIgnoredProperties: e643bd26f0fe6173181afceb89e7c659 -> 
  custom:AudioImporter_EditorPlatform: d09bf68614088b80899f8185d706f6e7 -> 
  custom:scripting/monoscript/fileName/WebServer.cs: 01a0108b1b831e9b5e8e635372a80bbd -> 
  custom:scripting/monoscript/fileName/RecordingInfo.cs: c91237ed757f305578f13d5ad3567f29 -> 
  custom:scripting/monoscript/fileName/DataAccessUWP.cs: 26accc2da1bce451c0237a8a3781f8b7 -> 
  custom:scripting/monoscript/fileName/DataAccessEditor.cs: 8941e34c93e25f7e180288098832eaf8 -> 
  custom:scripting/monoscript/fileName/DataProvider.cs: f71e0fa542cf0c500db7c0d6fc11f9c1 -> 
  custom:scripting/monoscript/fileName/Recording.cs: 35b65cc66c41da89541ed5c49118b013 -> 
  custom:video-encoder-webm-vp8: eb34c28f22e8b96e1ab97ce403110664 -> 
  custom:scripting/monoscript/fileName/DocumentsFolderCapabilityPostBuildProcessor.cs: 446adbf637eee3f475db73c46316637b -> 
  custom:audio-decoder-ogg-vorbis: bf7c407c2cedff20999df2af8eb42d56 -> 
  custom:scripting/monoscript/fileName/AccuracyGrid.cs: 5843ffe7e084e2065b8341b72c911b84 -> 
  custom:scripting/monoscript/fileName/Configuration.cs: 509089085ca7d6f1a6098a39ec4d8d17 -> e1f88d5c26e809ccbf42081e8154788a
  custom:scripting/monoscript/fileName/GazeData.cs: 031e5d0fe0aacbc20dce69bb6e7e5f08 -> 
  custom:scripting/monoscript/fileName/DataLogger.cs: f7551458459301cfd1b2fa5e7154b24b -> 
  custom:scripting/monoscript/fileName/PositionInfo.cs: f930aa4565d2c6f457a3df0885d42b12 -> 
  custom:scripting/monoscript/fileName/WebcamCamera.cs: f4c504cf8c1128b2c2e03b767d73dc63 -> 
  custom:audio-encoder-webm-vorbis: bf7c407c2cedff20999df2af8eb42d56 -> 
  custom:scripting/precompiled-assembly-types:Assembly-CSharp-Editor: 9b41543c173063578afaeb645618e946 -> 
  custom:scripting/precompiled-assembly-types:Assembly-CSharp: cb9d65d4e274110f9d77af33a6bd6af8 -> 
  custom:scripting/monoscript/fileName/ConfigurationEditor.cs: 7c12f3c269dc9a466156445ae82d19fa -> 
========================================================================
Received Import Request.
  Time since last request: 182.798363 seconds.
  path: Assets/ARETT-MRTK3compatible/Prefabs/EyeTracking.prefab
  artifactKey: Guid(4cdf6dffd67e8434884b2c8fe85da3a5) Importer(815301076,1909f56bfc062723c751e8b465ee728b)
Start importing Assets/ARETT-MRTK3compatible/Prefabs/EyeTracking.prefab using Guid(4cdf6dffd67e8434884b2c8fe85da3a5) Importer(815301076,1909f56bfc062723c751e8b465ee728b) [PhysX] Initialized MultithreadedTaskDispatcher with 8 workers.
 -> (artifact id: '5a4bf792aaa41f412898dfb35d86c04c') in 0.003296 seconds
Number of updated asset objects reloaded before import = 56
Number of asset objects unloaded after import = 0
========================================================================
Received Prepare
Caller must complete domain reload
Begin MonoManager ReloadAssembly
- Loaded All Assemblies, in  2.456 seconds
Native extension for UWP target not found
Native extension for WindowsStandalone target not found
[Package Manager] Server::EnsureServerProcessIsRunning -- launch failed, reason: Unity was launched with the -noUpm command-line argument
[Package Manager] UpmClient::Send -- Unable to send message (not connected to UPM process).
[Package Manager] Cannot connect to Unity Package Manager local server
[Package Manager] Server::EnsureServerProcessIsRunning -- launch failed, reason: Unity was launched with the -noUpm command-line argument
[Package Manager] UpmClient::Send -- Unable to send message (not connected to UPM process).
[Package Manager] Cannot connect to Unity Package Manager local server
Mono: successfully reloaded assembly
[Package Manager] Server::EnsureServerProcessIsRunning -- launch failed, reason: Unity was launched with the -noUpm command-line argument
[Package Manager] UpmClient::Send -- Unable to send message (not connected to UPM process).
[Package Manager] Cannot connect to Unity Package Manager local server
- Finished resetting the current domain, in  1.973 seconds
Domain Reload Profiling: 4403ms
	BeginReloadAssembly (1602ms)
		ExecutionOrderSort (0ms)
		DisableScriptedObjects (35ms)
		BackupInstance (0ms)
		ReleaseScriptingObjects (0ms)
		CreateAndSetChildDomain (136ms)
	RebuildCommonClasses (89ms)
	RebuildNativeTypeToScriptingClass (26ms)
	initialDomainReloadingComplete (127ms)
	LoadAllAssembliesAndSetupDomain (586ms)
		LoadAssemblies (1652ms)
		RebuildTransferFunctionScriptingTraits (0ms)
		AnalyzeDomain (102ms)
			TypeCache.Refresh (17ms)
				TypeCache.ScanAssembly (1ms)
			ScanForSourceGeneratedMonoScriptInfo (58ms)
			ResolveRequiredComponents (25ms)
	FinalizeReload (1973ms)
		ReleaseScriptCaches (0ms)
		RebuildScriptCaches (0ms)
		SetupLoadedEditorAssemblies (692ms)
			LogAssemblyErrors (0ms)
			InitializePlatformSupportModulesInManaged (10ms)
			SetLoadedEditorAssemblies (7ms)
			RefreshPlugins (0ms)
			BeforeProcessingInitializeOnLoad (131ms)
			ProcessInitializeOnLoadAttributes (455ms)
			ProcessInitializeOnLoadMethodAttributes (80ms)
			AfterProcessingInitializeOnLoad (9ms)
			EditorAssembliesLoaded (0ms)
		ExecutionOrderSort2 (0ms)
		AwakeInstancesAfterBackupRestoration (13ms)
Refreshing native plugins compatible for Editor in 17.31 ms, found 16 plugins.
Preloading 0 native plugins for Editor in 0.00 ms.
Unloading 5497 Unused Serialized files (Serialized files now loaded: 0)
Unloading 94 unused Assets / (1.3 MB). Loaded Objects now: 6007.
Memory consumption went from 182.5 MB to 181.2 MB.
Total: 4.423200 ms (FindLiveObjects: 0.590800 ms CreateObjectMapping: 0.504400 ms MarkObjects: 2.637500 ms  DeleteObjects: 0.689700 ms)

Prepare: number of updated asset objects reloaded= 0
AssetImportParameters requested are different than current active one (requested -> active):
  custom:scripting/monoscript/fileName/IFileHandler.cs: 140bad73cbf6c1cd207a361b8c050f23 -> 
  custom:container-demuxer-ogg: 62fdf1f143b41e24485cea50d1cbac27 -> 
  custom:scripting/monoscript/fileName/HTTPServer.cs: 5f81df2f5011e885df6e7a438042c977 -> 
  custom:scripting/monoscript/fileName/Success.cs: d1a4dfd53f5d2f2a7fba724f4cec8175 -> 
  custom:video-decoder-ogg-theora: a1e56fd34408186e4bbccfd4996cb3dc -> 
  custom:framework-win-MediaFoundation: 216162199b28c13a410421893ffa2e32 -> 
  custom:scripting/monoscript/fileName/Status.cs: 2f313e3eb3f76aa16b2693727cbe8e77 -> 
  custom:scripting/monoscript/fileName/GazeAPIData.cs: 220b782086da96206bd24be7d7711126 -> 
  custom:scripting/monoscript/fileName/Participant.cs: c6356ccff281a362fd2bfc3078a0d505 -> 
  custom:CustomObjectIndexerAttribute: 9a22284fe3817be447336de3de66b15e -> 
  custom:container-demuxer-webm: 4f35f7cbe854078d1ac9338744f61a02 -> 
  custom:scripting/monoscript/fileName/GazeReceiverScript.cs: d091973854ab4551da7d92e37cb5992f -> 
  custom:scripting/monoscript/fileName/FileHandler.cs: 7c3c97cfc78b737cc5ff9b6f7fd1efa9 -> 
  custom:container-muxer-webm: aa71ff27fc2769a1b78a27578f13a17b -> 
  custom:scripting/monoscript/fileName/IDataAccess.cs: 5faa88dae1e33454e92d81e79128d19e -> 
  custom:video-decoder-webm-vp8: 9c59270c3fd7afecdb556c50c9e8de78 -> 
  custom:SearchIndexIgnoredProperties: e643bd26f0fe6173181afceb89e7c659 -> 
  custom:AudioImporter_EditorPlatform: d09bf68614088b80899f8185d706f6e7 -> 
  custom:scripting/monoscript/fileName/WebServer.cs: 01a0108b1b831e9b5e8e635372a80bbd -> 
  custom:scripting/monoscript/fileName/RecordingInfo.cs: c91237ed757f305578f13d5ad3567f29 -> 
  custom:scripting/monoscript/fileName/DataAccessUWP.cs: 26accc2da1bce451c0237a8a3781f8b7 -> 
  custom:scripting/monoscript/fileName/DataAccessEditor.cs: 8941e34c93e25f7e180288098832eaf8 -> 
  custom:scripting/monoscript/fileName/DataProvider.cs: f71e0fa542cf0c500db7c0d6fc11f9c1 -> 
  custom:scripting/monoscript/fileName/Recording.cs: 35b65cc66c41da89541ed5c49118b013 -> 
  custom:video-encoder-webm-vp8: eb34c28f22e8b96e1ab97ce403110664 -> 
  custom:scripting/monoscript/fileName/DocumentsFolderCapabilityPostBuildProcessor.cs: 446adbf637eee3f475db73c46316637b -> 
  custom:audio-decoder-ogg-vorbis: bf7c407c2cedff20999df2af8eb42d56 -> 
  custom:scripting/monoscript/fileName/AccuracyGrid.cs: 5843ffe7e084e2065b8341b72c911b84 -> 
  custom:scripting/monoscript/fileName/Configuration.cs: 509089085ca7d6f1a6098a39ec4d8d17 -> e1f88d5c26e809ccbf42081e8154788a
  custom:scripting/monoscript/fileName/GazeData.cs: 031e5d0fe0aacbc20dce69bb6e7e5f08 -> 
  custom:scripting/monoscript/fileName/DataLogger.cs: f7551458459301cfd1b2fa5e7154b24b -> 
  custom:scripting/monoscript/fileName/PositionInfo.cs: f930aa4565d2c6f457a3df0885d42b12 -> 
  custom:scripting/monoscript/fileName/WebcamCamera.cs: f4c504cf8c1128b2c2e03b767d73dc63 -> 
  custom:audio-encoder-webm-vorbis: bf7c407c2cedff20999df2af8eb42d56 -> 
  custom:scripting/precompiled-assembly-types:Assembly-CSharp-Editor: 9b41543c173063578afaeb645618e946 -> 
  custom:scripting/precompiled-assembly-types:Assembly-CSharp: 6c08343cbef775c2aaadbf95aaa9e367 -> 
  custom:scripting/monoscript/fileName/ConfigurationEditor.cs: 7c12f3c269dc9a466156445ae82d19fa -> 
========================================================================
Received Prepare
Caller must complete domain reload
Begin MonoManager ReloadAssembly
- Loaded All Assemblies, in  0.963 seconds
Native extension for UWP target not found
Native extension for WindowsStandalone target not found
[Package Manager] Server::EnsureServerProcessIsRunning -- launch failed, reason: Unity was launched with the -noUpm command-line argument
[Package Manager] UpmClient::Send -- Unable to send message (not connected to UPM process).
[Package Manager] Cannot connect to Unity Package Manager local server
[Package Manager] Server::EnsureServerProcessIsRunning -- launch failed, reason: Unity was launched with the -noUpm command-line argument
[Package Manager] UpmClient::Send -- Unable to send message (not connected to UPM process).
[Package Manager] Cannot connect to Unity Package Manager local server
Mono: successfully reloaded assembly
[Package Manager] Server::EnsureServerProcessIsRunning -- launch failed, reason: Unity was launched with the -noUpm command-line argument
[Package Manager] UpmClient::Send -- Unable to send message (not connected to UPM process).
[Package Manager] Cannot connect to Unity Package Manager local server
- Finished resetting the current domain, in  1.504 seconds
Domain Reload Profiling: 2459ms
	BeginReloadAssembly (194ms)
		ExecutionOrderSort (0ms)
		DisableScriptedObjects (4ms)
		BackupInstance (0ms)
		ReleaseScriptingObjects (0ms)
		CreateAndSetChildDomain (47ms)
	RebuildCommonClasses (45ms)
	RebuildNativeTypeToScriptingClass (15ms)
	initialDomainReloadingComplete (42ms)
	LoadAllAssembliesAndSetupDomain (658ms)
		LoadAssemblies (452ms)
		RebuildTransferFunctionScriptingTraits (0ms)
		AnalyzeDomain (308ms)
			TypeCache.Refresh (230ms)
				TypeCache.ScanAssembly (196ms)
			ScanForSourceGeneratedMonoScriptInfo (59ms)
			ResolveRequiredComponents (19ms)
	FinalizeReload (1505ms)
		ReleaseScriptCaches (0ms)
		RebuildScriptCaches (0ms)
		SetupLoadedEditorAssemblies (773ms)
			LogAssemblyErrors (0ms)
			InitializePlatformSupportModulesInManaged (12ms)
			SetLoadedEditorAssemblies (6ms)
			RefreshPlugins (0ms)
			BeforeProcessingInitializeOnLoad (118ms)
			ProcessInitializeOnLoadAttributes (519ms)
			ProcessInitializeOnLoadMethodAttributes (98ms)
			AfterProcessingInitializeOnLoad (18ms)
			EditorAssembliesLoaded (0ms)
		ExecutionOrderSort2 (0ms)
		AwakeInstancesAfterBackupRestoration (19ms)
Refreshing native plugins compatible for Editor in 37.08 ms, found 16 plugins.
Preloading 0 native plugins for Editor in 0.00 ms.
Unloading 5498 Unused Serialized files (Serialized files now loaded: 0)
Unloading 94 unused Assets / (1.2 MB). Loaded Objects now: 6011.
Memory consumption went from 182.8 MB to 181.5 MB.
Total: 7.507600 ms (FindLiveObjects: 0.508200 ms CreateObjectMapping: 0.966700 ms MarkObjects: 4.479500 ms  DeleteObjects: 1.551300 ms)

Prepare: number of updated asset objects reloaded= 0
AssetImportParameters requested are different than current active one (requested -> active):
  custom:scripting/monoscript/fileName/IFileHandler.cs: 140bad73cbf6c1cd207a361b8c050f23 -> 
  custom:container-demuxer-ogg: 62fdf1f143b41e24485cea50d1cbac27 -> 
  custom:scripting/precompiled-assembly-types:Unity.PlasticSCM.Editor: 6422b6ca0d4c4c6df738ede20396ac4f -> 61b19ddb92073bec3b858fc919e16e73
  custom:scripting/monoscript/fileName/HTTPServer.cs: 5f81df2f5011e885df6e7a438042c977 -> 
  custom:scripting/monoscript/fileName/Success.cs: d1a4dfd53f5d2f2a7fba724f4cec8175 -> 
  custom:video-decoder-ogg-theora: a1e56fd34408186e4bbccfd4996cb3dc -> 
  custom:framework-win-MediaFoundation: 216162199b28c13a410421893ffa2e32 -> 
  custom:scripting/monoscript/fileName/Status.cs: 2f313e3eb3f76aa16b2693727cbe8e77 -> 
  custom:scripting/monoscript/fileName/GazeAPIData.cs: 220b782086da96206bd24be7d7711126 -> 
  custom:scripting/monoscript/fileName/Participant.cs: c6356ccff281a362fd2bfc3078a0d505 -> 
  custom:scripting/precompiled-assembly-types:Unity.Timeline.Editor: b4313fba5652ee5a8449f3ec85f31ae4 -> 534d7c71c4dd9147ea00599cede121e1
  custom:CustomObjectIndexerAttribute: 9a22284fe3817be447336de3de66b15e -> 
  custom:container-demuxer-webm: 4f35f7cbe854078d1ac9338744f61a02 -> 
  custom:scripting/monoscript/fileName/GazeReceiverScript.cs: d091973854ab4551da7d92e37cb5992f -> 
  custom:scripting/monoscript/fileName/FileHandler.cs: 7c3c97cfc78b737cc5ff9b6f7fd1efa9 -> 
  custom:container-muxer-webm: aa71ff27fc2769a1b78a27578f13a17b -> 
  custom:scripting/precompiled-assembly-types:Unity.XR.OpenXR: 1824cdf5325d3e8dd1885d4f9c5aa8bf -> 10bc3f1864d59f230b0a53c5ec5cc9c8
  custom:scripting/monoscript/fileName/IDataAccess.cs: 5faa88dae1e33454e92d81e79128d19e -> 
  custom:video-decoder-webm-vp8: 9c59270c3fd7afecdb556c50c9e8de78 -> 
  custom:SearchIndexIgnoredProperties: e643bd26f0fe6173181afceb89e7c659 -> 
  custom:AudioImporter_EditorPlatform: d09bf68614088b80899f8185d706f6e7 -> 
  custom:scripting/monoscript/fileName/WebServer.cs: 01a0108b1b831e9b5e8e635372a80bbd -> 
  custom:scripting/precompiled-assembly-types:Unity.VisualScripting.Core.Editor: 1ac958119c4ad755d50390246b13522a -> 39597c0f3a76e24d87d64afa59c5f88d
  custom:scripting/precompiled-assembly-types:UnityEngine.TestRunner: 7a4d96a0696e29157328c6996c3b82c5 -> f5758234275f5346968d00e3b1a1c0e4
  custom:scripting/monoscript/fileName/RecordingInfo.cs: c91237ed757f305578f13d5ad3567f29 -> 
  custom:scripting/monoscript/fileName/DataAccessUWP.cs: 26accc2da1bce451c0237a8a3781f8b7 -> 
  custom:scripting/monoscript/fileName/DataAccessEditor.cs: 8941e34c93e25f7e180288098832eaf8 -> 
  custom:scripting/precompiled-assembly-types:Unity.InputSystem: 7e4ac2e2a87c4f80cdf0b0a4975e85dc -> 785cafa545bbe73e3ae893412b423588
  custom:scripting/monoscript/fileName/DataProvider.cs: f71e0fa542cf0c500db7c0d6fc11f9c1 -> 
  custom:scripting/monoscript/fileName/Recording.cs: 35b65cc66c41da89541ed5c49118b013 -> 
  custom:video-encoder-webm-vp8: eb34c28f22e8b96e1ab97ce403110664 -> 
  custom:scripting/monoscript/fileName/DocumentsFolderCapabilityPostBuildProcessor.cs: 446adbf637eee3f475db73c46316637b -> 
  custom:audio-decoder-ogg-vorbis: bf7c407c2cedff20999df2af8eb42d56 -> 
  custom:scripting/monoscript/fileName/AccuracyGrid.cs: 5843ffe7e084e2065b8341b72c911b84 -> 
  custom:scripting/monoscript/fileName/Configuration.cs: 509089085ca7d6f1a6098a39ec4d8d17 -> e1f88d5c26e809ccbf42081e8154788a
  custom:scripting/monoscript/fileName/GazeData.cs: 031e5d0fe0aacbc20dce69bb6e7e5f08 -> 
  custom:scripting/monoscript/fileName/DataLogger.cs: f7551458459301cfd1b2fa5e7154b24b -> 
  custom:scripting/monoscript/fileName/PositionInfo.cs: f930aa4565d2c6f457a3df0885d42b12 -> 
  custom:scripting/monoscript/fileName/WebcamCamera.cs: f4c504cf8c1128b2c2e03b767d73dc63 -> 
  custom:audio-encoder-webm-vorbis: bf7c407c2cedff20999df2af8eb42d56 -> 
  custom:scripting/precompiled-assembly-types:Assembly-CSharp-Editor: 9b41543c173063578afaeb645618e946 -> 
  custom:scripting/precompiled-assembly-types:Assembly-CSharp: 6c08343cbef775c2aaadbf95aaa9e367 -> 
  custom:scripting/monoscript/fileName/ConfigurationEditor.cs: 7c12f3c269dc9a466156445ae82d19fa -> 
========================================================================
Received Prepare
Caller must complete domain reload
Begin MonoManager ReloadAssembly
- Loaded All Assemblies, in  0.610 seconds
Native extension for UWP target not found
Native extension for WindowsStandalone target not found
[Package Manager] Server::EnsureServerProcessIsRunning -- launch failed, reason: Unity was launched with the -noUpm command-line argument
[Package Manager] UpmClient::Send -- Unable to send message (not connected to UPM process).
[Package Manager] Cannot connect to Unity Package Manager local server
[Package Manager] Server::EnsureServerProcessIsRunning -- launch failed, reason: Unity was launched with the -noUpm command-line argument
[Package Manager] UpmClient::Send -- Unable to send message (not connected to UPM process).
[Package Manager] Cannot connect to Unity Package Manager local server
Mono: successfully reloaded assembly
[Package Manager] Server::EnsureServerProcessIsRunning -- launch failed, reason: Unity was launched with the -noUpm command-line argument
[Package Manager] UpmClient::Send -- Unable to send message (not connected to UPM process).
[Package Manager] Cannot connect to Unity Package Manager local server
- Finished resetting the current domain, in  1.309 seconds
Domain Reload Profiling: 1913ms
	BeginReloadAssembly (204ms)
		ExecutionOrderSort (0ms)
		DisableScriptedObjects (4ms)
		BackupInstance (0ms)
		ReleaseScriptingObjects (0ms)
		CreateAndSetChildDomain (53ms)
	RebuildCommonClasses (41ms)
	RebuildNativeTypeToScriptingClass (14ms)
	initialDomainReloadingComplete (35ms)
	LoadAllAssembliesAndSetupDomain (309ms)
		LoadAssemblies (355ms)
		RebuildTransferFunctionScriptingTraits (0ms)
		AnalyzeDomain (54ms)
			TypeCache.Refresh (12ms)
				TypeCache.ScanAssembly (0ms)
			ScanForSourceGeneratedMonoScriptInfo (27ms)
			ResolveRequiredComponents (13ms)
	FinalizeReload (1310ms)
		ReleaseScriptCaches (0ms)
		RebuildScriptCaches (0ms)
		SetupLoadedEditorAssemblies (710ms)
			LogAssemblyErrors (0ms)
			InitializePlatformSupportModulesInManaged (9ms)
			SetLoadedEditorAssemblies (5ms)
			RefreshPlugins (0ms)
			BeforeProcessingInitializeOnLoad (106ms)
			ProcessInitializeOnLoadAttributes (487ms)
			ProcessInitializeOnLoadMethodAttributes (94ms)
			AfterProcessingInitializeOnLoad (9ms)
			EditorAssembliesLoaded (0ms)
		ExecutionOrderSort2 (0ms)
		AwakeInstancesAfterBackupRestoration (12ms)
Refreshing native plugins compatible for Editor in 18.99 ms, found 16 plugins.
Preloading 0 native plugins for Editor in 0.00 ms.
Unloading 5498 Unused Serialized files (Serialized files now loaded: 0)
Unloading 94 unused Assets / (1.2 MB). Loaded Objects now: 6015.
Memory consumption went from 182.8 MB to 181.5 MB.
Total: 4.200800 ms (FindLiveObjects: 0.420800 ms CreateObjectMapping: 0.408700 ms MarkObjects: 2.684400 ms  DeleteObjects: 0.686000 ms)

Prepare: number of updated asset objects reloaded= 0
AssetImportParameters requested are different than current active one (requested -> active):
  custom:scripting/monoscript/fileName/IFileHandler.cs: 140bad73cbf6c1cd207a361b8c050f23 -> 
  custom:container-demuxer-ogg: 62fdf1f143b41e24485cea50d1cbac27 -> 
  custom:scripting/precompiled-assembly-types:Unity.PlasticSCM.Editor: 6422b6ca0d4c4c6df738ede20396ac4f -> 61b19ddb92073bec3b858fc919e16e73
  custom:scripting/monoscript/fileName/HTTPServer.cs: 5f81df2f5011e885df6e7a438042c977 -> 
  custom:scripting/monoscript/fileName/Success.cs: d1a4dfd53f5d2f2a7fba724f4cec8175 -> 
  custom:video-decoder-ogg-theora: a1e56fd34408186e4bbccfd4996cb3dc -> 
  custom:framework-win-MediaFoundation: 216162199b28c13a410421893ffa2e32 -> 
  custom:scripting/monoscript/fileName/Status.cs: 2f313e3eb3f76aa16b2693727cbe8e77 -> 
  custom:scripting/monoscript/fileName/GazeAPIData.cs: 220b782086da96206bd24be7d7711126 -> 
  custom:scripting/monoscript/fileName/Participant.cs: c6356ccff281a362fd2bfc3078a0d505 -> 
  custom:scripting/precompiled-assembly-types:Unity.Timeline.Editor: b4313fba5652ee5a8449f3ec85f31ae4 -> 534d7c71c4dd9147ea00599cede121e1
  custom:CustomObjectIndexerAttribute: 9a22284fe3817be447336de3de66b15e -> 
  custom:container-demuxer-webm: 4f35f7cbe854078d1ac9338744f61a02 -> 
  custom:scripting/monoscript/fileName/GazeReceiverScript.cs: d091973854ab4551da7d92e37cb5992f -> 
  custom:scripting/monoscript/fileName/FileHandler.cs: 7c3c97cfc78b737cc5ff9b6f7fd1efa9 -> 
  custom:container-muxer-webm: aa71ff27fc2769a1b78a27578f13a17b -> 
  custom:scripting/precompiled-assembly-types:Unity.XR.OpenXR: 1824cdf5325d3e8dd1885d4f9c5aa8bf -> 10bc3f1864d59f230b0a53c5ec5cc9c8
  custom:scripting/monoscript/fileName/IDataAccess.cs: 5faa88dae1e33454e92d81e79128d19e -> 
  custom:video-decoder-webm-vp8: 9c59270c3fd7afecdb556c50c9e8de78 -> 
  custom:SearchIndexIgnoredProperties: e643bd26f0fe6173181afceb89e7c659 -> 
  custom:AudioImporter_EditorPlatform: d09bf68614088b80899f8185d706f6e7 -> 
  custom:scripting/monoscript/fileName/WebServer.cs: 01a0108b1b831e9b5e8e635372a80bbd -> 
  custom:scripting/precompiled-assembly-types:Unity.VisualScripting.Core.Editor: 1ac958119c4ad755d50390246b13522a -> 39597c0f3a76e24d87d64afa59c5f88d
  custom:scripting/precompiled-assembly-types:UnityEngine.TestRunner: 7a4d96a0696e29157328c6996c3b82c5 -> f5758234275f5346968d00e3b1a1c0e4
  custom:scripting/monoscript/fileName/RecordingInfo.cs: c91237ed757f305578f13d5ad3567f29 -> 
  custom:scripting/monoscript/fileName/DataAccessUWP.cs: 26accc2da1bce451c0237a8a3781f8b7 -> 
  custom:scripting/monoscript/fileName/DataAccessEditor.cs: 8941e34c93e25f7e180288098832eaf8 -> 
  custom:scripting/precompiled-assembly-types:Unity.InputSystem: 7e4ac2e2a87c4f80cdf0b0a4975e85dc -> 785cafa545bbe73e3ae893412b423588
  custom:scripting/monoscript/fileName/DataProvider.cs: f71e0fa542cf0c500db7c0d6fc11f9c1 -> 
  custom:scripting/monoscript/fileName/Recording.cs: 35b65cc66c41da89541ed5c49118b013 -> 
  custom:video-encoder-webm-vp8: eb34c28f22e8b96e1ab97ce403110664 -> 
  custom:scripting/monoscript/fileName/DocumentsFolderCapabilityPostBuildProcessor.cs: 446adbf637eee3f475db73c46316637b -> 
  custom:audio-decoder-ogg-vorbis: bf7c407c2cedff20999df2af8eb42d56 -> 
  custom:scripting/monoscript/fileName/AccuracyGrid.cs: 5843ffe7e084e2065b8341b72c911b84 -> 
  custom:scripting/monoscript/fileName/Configuration.cs: 509089085ca7d6f1a6098a39ec4d8d17 -> e1f88d5c26e809ccbf42081e8154788a
  custom:scripting/monoscript/fileName/GazeData.cs: 031e5d0fe0aacbc20dce69bb6e7e5f08 -> 
  custom:scripting/monoscript/fileName/DataLogger.cs: f7551458459301cfd1b2fa5e7154b24b -> 
  custom:scripting/monoscript/fileName/PositionInfo.cs: f930aa4565d2c6f457a3df0885d42b12 -> 
  custom:scripting/monoscript/fileName/WebcamCamera.cs: f4c504cf8c1128b2c2e03b767d73dc63 -> 
  custom:audio-encoder-webm-vorbis: bf7c407c2cedff20999df2af8eb42d56 -> 
  custom:scripting/precompiled-assembly-types:Assembly-CSharp-Editor: 9b41543c173063578afaeb645618e946 -> 
  custom:scripting/precompiled-assembly-types:Assembly-CSharp: f8dff36dfac77d63d48389fc4abc2806 -> 
  custom:scripting/monoscript/fileName/ConfigurationEditor.cs: 7c12f3c269dc9a466156445ae82d19fa -> 
